{"/home/joaopedro/PhpstormProjects/eloqjs/eloqjs/packages/core/src/attributes/Attribute.ts": {"path":"/home/joaopedro/PhpstormProjects/eloqjs/eloqjs/packages/core/src/attributes/Attribute.ts","statementMap":{"0":{"start":{"line":19,"column":4},"end":{"line":19,"column":null}},"1":{"start":{"line":4,"column":0},"end":{"line":4,"column":22}}},"fnMap":{"0":{"name":"(anonymous_0)","decl":{"start":{"line":18,"column":2},"end":{"line":18,"column":21}},"loc":{"start":{"line":18,"column":40},"end":{"line":20,"column":3}}}},"branchMap":{},"s":{"0":462,"1":61},"f":{"0":462},"b":{}}
,"/home/joaopedro/PhpstormProjects/eloqjs/eloqjs/packages/core/src/attributes/index.ts": {"path":"/home/joaopedro/PhpstormProjects/eloqjs/eloqjs/packages/core/src/attributes/index.ts","statementMap":{"0":{"start":{"line":1,"column":0},"end":{"line":1,"column":9}},"1":{"start":{"line":1,"column":9},"end":{"line":1,"column":39}},"2":{"start":{"line":3,"column":0},"end":{"line":3,"column":9}},"3":{"start":{"line":3,"column":9},"end":{"line":3,"column":45}},"4":{"start":{"line":4,"column":0},"end":{"line":4,"column":9}},"5":{"start":{"line":4,"column":9},"end":{"line":4,"column":43}},"6":{"start":{"line":5,"column":0},"end":{"line":5,"column":9}},"7":{"start":{"line":5,"column":9},"end":{"line":5,"column":47}},"8":{"start":{"line":6,"column":0},"end":{"line":6,"column":9}},"9":{"start":{"line":6,"column":9},"end":{"line":6,"column":35}},"10":{"start":{"line":7,"column":0},"end":{"line":7,"column":9}},"11":{"start":{"line":7,"column":9},"end":{"line":7,"column":41}},"12":{"start":{"line":8,"column":0},"end":{"line":8,"column":9}},"13":{"start":{"line":8,"column":9},"end":{"line":8,"column":39}},"14":{"start":{"line":9,"column":0},"end":{"line":9,"column":9}},"15":{"start":{"line":9,"column":9},"end":{"line":9,"column":39}},"16":{"start":{"line":10,"column":0},"end":{"line":10,"column":9}},"17":{"start":{"line":10,"column":9},"end":{"line":10,"column":35}},"18":{"start":{"line":11,"column":0},"end":{"line":11,"column":9}},"19":{"start":{"line":11,"column":9},"end":{"line":11,"column":33}}},"fnMap":{"0":{"name":"(anonymous_0)","decl":{"start":{"line":1,"column":9},"end":{"line":1,"column":18}},"loc":{"start":{"line":1,"column":9},"end":{"line":1,"column":39}}},"1":{"name":"(anonymous_1)","decl":{"start":{"line":3,"column":9},"end":{"line":3,"column":16}},"loc":{"start":{"line":3,"column":9},"end":{"line":3,"column":45}}},"2":{"name":"(anonymous_2)","decl":{"start":{"line":4,"column":9},"end":{"line":4,"column":15}},"loc":{"start":{"line":4,"column":9},"end":{"line":4,"column":43}}},"3":{"name":"(anonymous_3)","decl":{"start":{"line":5,"column":9},"end":{"line":5,"column":17}},"loc":{"start":{"line":5,"column":9},"end":{"line":5,"column":47}}},"4":{"name":"(anonymous_4)","decl":{"start":{"line":6,"column":9},"end":{"line":6,"column":13}},"loc":{"start":{"line":6,"column":9},"end":{"line":6,"column":35}}},"5":{"name":"(anonymous_5)","decl":{"start":{"line":7,"column":9},"end":{"line":7,"column":16}},"loc":{"start":{"line":7,"column":9},"end":{"line":7,"column":41}}},"6":{"name":"(anonymous_6)","decl":{"start":{"line":8,"column":9},"end":{"line":8,"column":15}},"loc":{"start":{"line":8,"column":9},"end":{"line":8,"column":39}}},"7":{"name":"(anonymous_7)","decl":{"start":{"line":9,"column":9},"end":{"line":9,"column":15}},"loc":{"start":{"line":9,"column":9},"end":{"line":9,"column":39}}},"8":{"name":"(anonymous_8)","decl":{"start":{"line":10,"column":9},"end":{"line":10,"column":13}},"loc":{"start":{"line":10,"column":9},"end":{"line":10,"column":35}}},"9":{"name":"(anonymous_9)","decl":{"start":{"line":11,"column":9},"end":{"line":11,"column":12}},"loc":{"start":{"line":11,"column":9},"end":{"line":11,"column":33}}}},"branchMap":{},"s":{"0":61,"1":122,"2":61,"3":128,"4":61,"5":128,"6":61,"7":143,"8":61,"9":317,"10":61,"11":127,"12":61,"13":171,"14":61,"15":317,"16":61,"17":1706,"18":61,"19":67},"f":{"0":61,"1":67,"2":67,"3":82,"4":256,"5":66,"6":110,"7":256,"8":1645,"9":6},"b":{}}
,"/home/joaopedro/PhpstormProjects/eloqjs/eloqjs/packages/core/src/attributes/relations/HasMany.ts": {"path":"/home/joaopedro/PhpstormProjects/eloqjs/eloqjs/packages/core/src/attributes/relations/HasMany.ts","statementMap":{"0":{"start":{"line":1,"column":0},"end":{"line":1,"column":56}},"1":{"start":{"line":3,"column":0},"end":{"line":3,"column":55}},"2":{"start":{"line":4,"column":0},"end":{"line":4,"column":45}},"3":{"start":{"line":6,"column":0},"end":{"line":6,"column":37}},"4":{"start":{"line":10,"column":4},"end":{"line":10,"column":null}},"5":{"start":{"line":18,"column":4},"end":{"line":18,"column":null}},"6":{"start":{"line":20,"column":17},"end":{"line":20,"column":35}},"7":{"start":{"line":22,"column":4},"end":{"line":22,"column":null}},"8":{"start":{"line":27,"column":4},"end":{"line":27,"column":null}},"9":{"start":{"line":31,"column":23},"end":{"line":33,"column":6}},"10":{"start":{"line":35,"column":4},"end":{"line":40,"column":null}},"11":{"start":{"line":37,"column":6},"end":{"line":37,"column":null}},"12":{"start":{"line":39,"column":6},"end":{"line":39,"column":null}},"13":{"start":{"line":42,"column":4},"end":{"line":42,"column":null}},"14":{"start":{"line":8,"column":0},"end":{"line":8,"column":13}}},"fnMap":{"0":{"name":"(anonymous_0)","decl":{"start":{"line":9,"column":2},"end":{"line":9,"column":21}},"loc":{"start":{"line":9,"column":63},"end":{"line":11,"column":3}}},"1":{"name":"(anonymous_1)","decl":{"start":{"line":16,"column":9},"end":{"line":16,"column":13}},"loc":{"start":{"line":16,"column":58},"end":{"line":23,"column":3}}},"2":{"name":"(anonymous_2)","decl":{"start":{"line":25,"column":12},"end":{"line":25,"column":15}},"loc":{"start":{"line":25,"column":42},"end":{"line":28,"column":3}}},"3":{"name":"(anonymous_3)","decl":{"start":{"line":30,"column":12},"end":{"line":30,"column":18}},"loc":{"start":{"line":30,"column":37},"end":{"line":43,"column":3}}}},"branchMap":{"0":{"loc":{"start":{"line":27,"column":28},"end":{"line":27,"column":33}},"type":"cond-expr","locations":[{"start":{"line":27,"column":28},"end":{"line":27,"column":33}},{"start":{"line":27,"column":36},"end":{"line":27,"column":38}}]},"1":{"loc":{"start":{"line":37,"column":35},"end":{"line":37,"column":58}},"type":"cond-expr","locations":[{"start":{"line":37,"column":35},"end":{"line":37,"column":58}},{"start":{"line":37,"column":61},"end":{"line":37,"column":67}}]}},"s":{"0":61,"1":61,"2":61,"3":61,"4":6,"5":6,"6":6,"7":6,"8":6,"9":6,"10":6,"11":6,"12":6,"13":6,"14":61},"f":{"0":6,"1":6,"2":6,"3":6},"b":{"0":[5,1],"1":[0,6]}}
,"/home/joaopedro/PhpstormProjects/eloqjs/eloqjs/packages/core/src/attributes/relations/HasOne.ts": {"path":"/home/joaopedro/PhpstormProjects/eloqjs/eloqjs/packages/core/src/attributes/relations/HasOne.ts","statementMap":{"0":{"start":{"line":2,"column":0},"end":{"line":2,"column":55}},"1":{"start":{"line":4,"column":0},"end":{"line":4,"column":37}},"2":{"start":{"line":8,"column":4},"end":{"line":8,"column":null}},"3":{"start":{"line":15,"column":17},"end":{"line":15,"column":35}},"4":{"start":{"line":17,"column":4},"end":{"line":17,"column":null}},"5":{"start":{"line":21,"column":4},"end":{"line":21,"column":null}},"6":{"start":{"line":6,"column":0},"end":{"line":6,"column":13}}},"fnMap":{"0":{"name":"(anonymous_0)","decl":{"start":{"line":7,"column":2},"end":{"line":7,"column":21}},"loc":{"start":{"line":7,"column":63},"end":{"line":9,"column":3}}},"1":{"name":"(anonymous_1)","decl":{"start":{"line":14,"column":9},"end":{"line":14,"column":13}},"loc":{"start":{"line":14,"column":56},"end":{"line":18,"column":3}}},"2":{"name":"(anonymous_2)","decl":{"start":{"line":20,"column":12},"end":{"line":20,"column":18}},"loc":{"start":{"line":20,"column":34},"end":{"line":22,"column":3}}}},"branchMap":{"0":{"loc":{"start":{"line":21,"column":20},"end":{"line":21,"column":44}},"type":"cond-expr","locations":[{"start":{"line":21,"column":20},"end":{"line":21,"column":44}},{"start":{"line":21,"column":47},"end":{"line":21,"column":51}}]}},"s":{"0":61,"1":61,"2":6,"3":6,"4":6,"5":6,"6":61},"f":{"0":6,"1":6,"2":6},"b":{"0":[3,3]}}
,"/home/joaopedro/PhpstormProjects/eloqjs/eloqjs/packages/core/src/attributes/relations/Relation.ts": {"path":"/home/joaopedro/PhpstormProjects/eloqjs/eloqjs/packages/core/src/attributes/relations/Relation.ts","statementMap":{"0":{"start":{"line":4,"column":0},"end":{"line":4,"column":40}},"1":{"start":{"line":13,"column":4},"end":{"line":13,"column":null}},"2":{"start":{"line":15,"column":4},"end":{"line":15,"column":null}},"3":{"start":{"line":6,"column":0},"end":{"line":6,"column":22}}},"fnMap":{"0":{"name":"(anonymous_0)","decl":{"start":{"line":12,"column":2},"end":{"line":12,"column":24}},"loc":{"start":{"line":12,"column":66},"end":{"line":16,"column":3}}}},"branchMap":{},"s":{"0":61,"1":12,"2":12,"3":61},"f":{"0":12},"b":{}}
,"/home/joaopedro/PhpstormProjects/eloqjs/eloqjs/packages/core/src/attributes/types/Attr.ts": {"path":"/home/joaopedro/PhpstormProjects/eloqjs/eloqjs/packages/core/src/attributes/types/Attr.ts","statementMap":{"0":{"start":{"line":2,"column":0},"end":{"line":2,"column":61}},"1":{"start":{"line":5,"column":0},"end":{"line":5,"column":29}},"2":{"start":{"line":16,"column":4},"end":{"line":16,"column":null}},"3":{"start":{"line":29,"column":4},"end":{"line":29,"column":null}},"4":{"start":{"line":32,"column":21},"end":{"line":32,"column":26}},"5":{"start":{"line":34,"column":4},"end":{"line":36,"column":null}},"6":{"start":{"line":35,"column":6},"end":{"line":35,"column":null}},"7":{"start":{"line":38,"column":4},"end":{"line":40,"column":null}},"8":{"start":{"line":39,"column":6},"end":{"line":39,"column":null}},"9":{"start":{"line":42,"column":4},"end":{"line":42,"column":null}},"10":{"start":{"line":7,"column":0},"end":{"line":7,"column":13}}},"fnMap":{"0":{"name":"(anonymous_0)","decl":{"start":{"line":11,"column":2},"end":{"line":11,"column":null}},"loc":{"start":{"line":14,"column":30},"end":{"line":17,"column":3}}},"1":{"name":"(anonymous_1)","decl":{"start":{"line":23,"column":9},"end":{"line":23,"column":13}},"loc":{"start":{"line":27,"column":26},"end":{"line":43,"column":3}}}},"branchMap":{"0":{"loc":{"start":{"line":27,"column":22},"end":{"line":27,"column":26}},"type":"default-arg","locations":[{"start":{"line":27,"column":22},"end":{"line":27,"column":26}}]},"1":{"loc":{"start":{"line":29,"column":34},"end":{"line":29,"column":39}},"type":"cond-expr","locations":[{"start":{"line":29,"column":34},"end":{"line":29,"column":39}},{"start":{"line":29,"column":42},"end":{"line":29,"column":52}}]},"2":{"loc":{"start":{"line":34,"column":4},"end":{"line":36,"column":null}},"type":"if","locations":[{"start":{"line":34,"column":4},"end":{"line":36,"column":null}},{"start":{"line":34,"column":4},"end":{"line":36,"column":null}}]},"3":{"loc":{"start":{"line":38,"column":4},"end":{"line":40,"column":null}},"type":"if","locations":[{"start":{"line":38,"column":4},"end":{"line":40,"column":null}},{"start":{"line":38,"column":4},"end":{"line":40,"column":null}}]}},"s":{"0":61,"1":61,"2":195,"3":282,"4":282,"5":282,"6":2,"7":282,"8":189,"9":93,"10":61},"f":{"0":195,"1":282},"b":{"0":[93],"1":[93,189],"2":[2,280],"3":[189,93]}}
,"/home/joaopedro/PhpstormProjects/eloqjs/eloqjs/packages/core/src/attributes/types/Boolean.ts": {"path":"/home/joaopedro/PhpstormProjects/eloqjs/eloqjs/packages/core/src/attributes/types/Boolean.ts","statementMap":{"0":{"start":{"line":2,"column":0},"end":{"line":2,"column":null}},"1":{"start":{"line":11,"column":0},"end":{"line":11,"column":29}},"2":{"start":{"line":22,"column":4},"end":{"line":22,"column":null}},"3":{"start":{"line":34,"column":23},"end":{"line":34,"column":38}},"4":{"start":{"line":36,"column":4},"end":{"line":38,"column":null}},"5":{"start":{"line":37,"column":6},"end":{"line":37,"column":null}},"6":{"start":{"line":40,"column":4},"end":{"line":40,"column":null}},"7":{"start":{"line":47,"column":4},"end":{"line":49,"column":null}},"8":{"start":{"line":48,"column":6},"end":{"line":48,"column":null}},"9":{"start":{"line":51,"column":4},"end":{"line":53,"column":null}},"10":{"start":{"line":52,"column":6},"end":{"line":52,"column":null}},"11":{"start":{"line":55,"column":4},"end":{"line":63,"column":null}},"12":{"start":{"line":56,"column":6},"end":{"line":58,"column":null}},"13":{"start":{"line":57,"column":8},"end":{"line":57,"column":null}},"14":{"start":{"line":60,"column":18},"end":{"line":60,"column":36}},"15":{"start":{"line":62,"column":6},"end":{"line":62,"column":null}},"16":{"start":{"line":65,"column":4},"end":{"line":67,"column":null}},"17":{"start":{"line":66,"column":6},"end":{"line":66,"column":null}},"18":{"start":{"line":69,"column":4},"end":{"line":71,"column":null}},"19":{"start":{"line":70,"column":6},"end":{"line":70,"column":null}},"20":{"start":{"line":73,"column":4},"end":{"line":73,"column":null}},"21":{"start":{"line":13,"column":0},"end":{"line":13,"column":13}}},"fnMap":{"0":{"name":"(anonymous_0)","decl":{"start":{"line":17,"column":2},"end":{"line":17,"column":null}},"loc":{"start":{"line":20,"column":37},"end":{"line":23,"column":3}}},"1":{"name":"(anonymous_1)","decl":{"start":{"line":28,"column":9},"end":{"line":28,"column":13}},"loc":{"start":{"line":32,"column":26},"end":{"line":41,"column":3}}},"2":{"name":"(anonymous_2)","decl":{"start":{"line":46,"column":9},"end":{"line":46,"column":12}},"loc":{"start":{"line":46,"column":27},"end":{"line":74,"column":3}}}},"branchMap":{"0":{"loc":{"start":{"line":32,"column":22},"end":{"line":32,"column":26}},"type":"default-arg","locations":[{"start":{"line":32,"column":22},"end":{"line":32,"column":26}}]},"1":{"loc":{"start":{"line":36,"column":4},"end":{"line":38,"column":null}},"type":"if","locations":[{"start":{"line":36,"column":4},"end":{"line":38,"column":null}},{"start":{"line":36,"column":4},"end":{"line":38,"column":null}}]},"2":{"loc":{"start":{"line":47,"column":4},"end":{"line":49,"column":null}},"type":"if","locations":[{"start":{"line":47,"column":4},"end":{"line":49,"column":null}},{"start":{"line":47,"column":4},"end":{"line":49,"column":null}}]},"3":{"loc":{"start":{"line":51,"column":4},"end":{"line":53,"column":null}},"type":"if","locations":[{"start":{"line":51,"column":4},"end":{"line":53,"column":null}},{"start":{"line":51,"column":4},"end":{"line":53,"column":null}}]},"4":{"loc":{"start":{"line":55,"column":4},"end":{"line":63,"column":null}},"type":"if","locations":[{"start":{"line":55,"column":4},"end":{"line":63,"column":null}},{"start":{"line":55,"column":4},"end":{"line":63,"column":null}}]},"5":{"loc":{"start":{"line":56,"column":6},"end":{"line":58,"column":null}},"type":"if","locations":[{"start":{"line":56,"column":6},"end":{"line":58,"column":null}},{"start":{"line":56,"column":6},"end":{"line":58,"column":null}}]},"6":{"loc":{"start":{"line":62,"column":26},"end":{"line":62,"column":30}},"type":"cond-expr","locations":[{"start":{"line":62,"column":26},"end":{"line":62,"column":30}},{"start":{"line":62,"column":33},"end":{"line":62,"column":38}}]},"7":{"loc":{"start":{"line":65,"column":4},"end":{"line":67,"column":null}},"type":"if","locations":[{"start":{"line":65,"column":4},"end":{"line":67,"column":null}},{"start":{"line":65,"column":4},"end":{"line":67,"column":null}}]},"8":{"loc":{"start":{"line":69,"column":4},"end":{"line":71,"column":null}},"type":"if","locations":[{"start":{"line":69,"column":4},"end":{"line":71,"column":null}},{"start":{"line":69,"column":4},"end":{"line":71,"column":null}}]},"9":{"loc":{"start":{"line":69,"column":8},"end":{"line":69,"column":21}},"type":"binary-expr","locations":[{"start":{"line":69,"column":8},"end":{"line":69,"column":21}},{"start":{"line":69,"column":25},"end":{"line":69,"column":40}}]}},"s":{"0":61,"1":61,"2":5,"3":45,"4":45,"5":5,"6":40,"7":45,"8":5,"9":40,"10":10,"11":30,"12":15,"13":5,"14":10,"15":10,"16":15,"17":10,"18":5,"19":1,"20":4,"21":61},"f":{"0":5,"1":45,"2":45},"b":{"0":[40],"1":[5,40],"2":[5,40],"3":[10,30],"4":[15,15],"5":[5,10],"6":[5,5],"7":[10,5],"8":[1,4],"9":[5,5]}}
,"/home/joaopedro/PhpstormProjects/eloqjs/eloqjs/packages/core/src/attributes/types/Number.ts": {"path":"/home/joaopedro/PhpstormProjects/eloqjs/eloqjs/packages/core/src/attributes/types/Number.ts","statementMap":{"0":{"start":{"line":2,"column":0},"end":{"line":2,"column":null}},"1":{"start":{"line":11,"column":0},"end":{"line":11,"column":29}},"2":{"start":{"line":22,"column":4},"end":{"line":22,"column":null}},"3":{"start":{"line":34,"column":23},"end":{"line":34,"column":38}},"4":{"start":{"line":36,"column":4},"end":{"line":38,"column":null}},"5":{"start":{"line":37,"column":6},"end":{"line":37,"column":null}},"6":{"start":{"line":40,"column":4},"end":{"line":40,"column":null}},"7":{"start":{"line":47,"column":4},"end":{"line":49,"column":null}},"8":{"start":{"line":48,"column":6},"end":{"line":48,"column":null}},"9":{"start":{"line":51,"column":4},"end":{"line":53,"column":null}},"10":{"start":{"line":52,"column":6},"end":{"line":52,"column":null}},"11":{"start":{"line":55,"column":4},"end":{"line":57,"column":null}},"12":{"start":{"line":56,"column":6},"end":{"line":56,"column":null}},"13":{"start":{"line":59,"column":4},"end":{"line":61,"column":null}},"14":{"start":{"line":60,"column":6},"end":{"line":60,"column":null}},"15":{"start":{"line":63,"column":4},"end":{"line":65,"column":null}},"16":{"start":{"line":64,"column":6},"end":{"line":64,"column":null}},"17":{"start":{"line":67,"column":4},"end":{"line":67,"column":null}},"18":{"start":{"line":13,"column":0},"end":{"line":13,"column":13}}},"fnMap":{"0":{"name":"(anonymous_0)","decl":{"start":{"line":17,"column":2},"end":{"line":17,"column":null}},"loc":{"start":{"line":20,"column":36},"end":{"line":23,"column":3}}},"1":{"name":"(anonymous_1)","decl":{"start":{"line":28,"column":9},"end":{"line":28,"column":13}},"loc":{"start":{"line":32,"column":26},"end":{"line":41,"column":3}}},"2":{"name":"(anonymous_2)","decl":{"start":{"line":46,"column":9},"end":{"line":46,"column":12}},"loc":{"start":{"line":46,"column":27},"end":{"line":68,"column":3}}}},"branchMap":{"0":{"loc":{"start":{"line":32,"column":22},"end":{"line":32,"column":26}},"type":"default-arg","locations":[{"start":{"line":32,"column":22},"end":{"line":32,"column":26}}]},"1":{"loc":{"start":{"line":36,"column":4},"end":{"line":38,"column":null}},"type":"if","locations":[{"start":{"line":36,"column":4},"end":{"line":38,"column":null}},{"start":{"line":36,"column":4},"end":{"line":38,"column":null}}]},"2":{"loc":{"start":{"line":47,"column":4},"end":{"line":49,"column":null}},"type":"if","locations":[{"start":{"line":47,"column":4},"end":{"line":49,"column":null}},{"start":{"line":47,"column":4},"end":{"line":49,"column":null}}]},"3":{"loc":{"start":{"line":51,"column":4},"end":{"line":53,"column":null}},"type":"if","locations":[{"start":{"line":51,"column":4},"end":{"line":53,"column":null}},{"start":{"line":51,"column":4},"end":{"line":53,"column":null}}]},"4":{"loc":{"start":{"line":55,"column":4},"end":{"line":57,"column":null}},"type":"if","locations":[{"start":{"line":55,"column":4},"end":{"line":57,"column":null}},{"start":{"line":55,"column":4},"end":{"line":57,"column":null}}]},"5":{"loc":{"start":{"line":59,"column":4},"end":{"line":61,"column":null}},"type":"if","locations":[{"start":{"line":59,"column":4},"end":{"line":61,"column":null}},{"start":{"line":59,"column":4},"end":{"line":61,"column":null}}]},"6":{"loc":{"start":{"line":60,"column":21},"end":{"line":60,"column":22}},"type":"cond-expr","locations":[{"start":{"line":60,"column":21},"end":{"line":60,"column":22}},{"start":{"line":60,"column":25},"end":{"line":60,"column":26}}]},"7":{"loc":{"start":{"line":63,"column":4},"end":{"line":65,"column":null}},"type":"if","locations":[{"start":{"line":63,"column":4},"end":{"line":65,"column":null}},{"start":{"line":63,"column":4},"end":{"line":65,"column":null}}]},"8":{"loc":{"start":{"line":63,"column":8},"end":{"line":63,"column":21}},"type":"binary-expr","locations":[{"start":{"line":63,"column":8},"end":{"line":63,"column":21}},{"start":{"line":63,"column":25},"end":{"line":63,"column":40}}]}},"s":{"0":61,"1":61,"2":49,"3":188,"4":188,"5":8,"6":180,"7":188,"8":8,"9":180,"10":144,"11":36,"12":17,"13":19,"14":10,"15":9,"16":5,"17":4,"18":61},"f":{"0":49,"1":188,"2":188},"b":{"0":[180],"1":[8,180],"2":[8,180],"3":[144,36],"4":[17,19],"5":[10,9],"6":[5,5],"7":[5,4],"8":[9,9]}}
,"/home/joaopedro/PhpstormProjects/eloqjs/eloqjs/packages/core/src/attributes/types/String.ts": {"path":"/home/joaopedro/PhpstormProjects/eloqjs/eloqjs/packages/core/src/attributes/types/String.ts","statementMap":{"0":{"start":{"line":2,"column":0},"end":{"line":2,"column":67}},"1":{"start":{"line":5,"column":0},"end":{"line":5,"column":29}},"2":{"start":{"line":16,"column":4},"end":{"line":16,"column":null}},"3":{"start":{"line":28,"column":23},"end":{"line":28,"column":38}},"4":{"start":{"line":30,"column":4},"end":{"line":32,"column":null}},"5":{"start":{"line":31,"column":6},"end":{"line":31,"column":null}},"6":{"start":{"line":34,"column":4},"end":{"line":34,"column":null}},"7":{"start":{"line":41,"column":4},"end":{"line":43,"column":null}},"8":{"start":{"line":42,"column":6},"end":{"line":42,"column":null}},"9":{"start":{"line":45,"column":4},"end":{"line":47,"column":null}},"10":{"start":{"line":46,"column":6},"end":{"line":46,"column":null}},"11":{"start":{"line":49,"column":4},"end":{"line":51,"column":null}},"12":{"start":{"line":50,"column":6},"end":{"line":50,"column":null}},"13":{"start":{"line":53,"column":4},"end":{"line":53,"column":null}},"14":{"start":{"line":7,"column":0},"end":{"line":7,"column":13}}},"fnMap":{"0":{"name":"(anonymous_0)","decl":{"start":{"line":11,"column":2},"end":{"line":11,"column":null}},"loc":{"start":{"line":14,"column":36},"end":{"line":17,"column":3}}},"1":{"name":"(anonymous_1)","decl":{"start":{"line":22,"column":9},"end":{"line":22,"column":13}},"loc":{"start":{"line":26,"column":26},"end":{"line":35,"column":3}}},"2":{"name":"(anonymous_2)","decl":{"start":{"line":40,"column":9},"end":{"line":40,"column":12}},"loc":{"start":{"line":40,"column":27},"end":{"line":54,"column":3}}}},"branchMap":{"0":{"loc":{"start":{"line":26,"column":22},"end":{"line":26,"column":26}},"type":"default-arg","locations":[{"start":{"line":26,"column":22},"end":{"line":26,"column":26}}]},"1":{"loc":{"start":{"line":30,"column":4},"end":{"line":32,"column":null}},"type":"if","locations":[{"start":{"line":30,"column":4},"end":{"line":32,"column":null}},{"start":{"line":30,"column":4},"end":{"line":32,"column":null}}]},"2":{"loc":{"start":{"line":41,"column":4},"end":{"line":43,"column":null}},"type":"if","locations":[{"start":{"line":41,"column":4},"end":{"line":43,"column":null}},{"start":{"line":41,"column":4},"end":{"line":43,"column":null}}]},"3":{"loc":{"start":{"line":45,"column":4},"end":{"line":47,"column":null}},"type":"if","locations":[{"start":{"line":45,"column":4},"end":{"line":47,"column":null}},{"start":{"line":45,"column":4},"end":{"line":47,"column":null}}]},"4":{"loc":{"start":{"line":49,"column":4},"end":{"line":51,"column":null}},"type":"if","locations":[{"start":{"line":49,"column":4},"end":{"line":51,"column":null}},{"start":{"line":49,"column":4},"end":{"line":51,"column":null}}]},"5":{"loc":{"start":{"line":49,"column":8},"end":{"line":49,"column":21}},"type":"binary-expr","locations":[{"start":{"line":49,"column":8},"end":{"line":49,"column":21}},{"start":{"line":49,"column":25},"end":{"line":49,"column":40}}]}},"s":{"0":61,"1":61,"2":195,"3":369,"4":369,"5":234,"6":135,"7":369,"8":234,"9":135,"10":107,"11":28,"12":14,"13":14,"14":61},"f":{"0":195,"1":369,"2":369},"b":{"0":[135],"1":[234,135],"2":[234,135],"3":[107,28],"4":[14,14],"5":[28,18]}}
,"/home/joaopedro/PhpstormProjects/eloqjs/eloqjs/packages/core/src/attributes/types/Type.ts": {"path":"/home/joaopedro/PhpstormProjects/eloqjs/eloqjs/packages/core/src/attributes/types/Type.ts","statementMap":{"0":{"start":{"line":2,"column":0},"end":{"line":2,"column":40}},"1":{"start":{"line":24,"column":4},"end":{"line":24,"column":null}},"2":{"start":{"line":9,"column":9},"end":{"line":9,"column":null}},"3":{"start":{"line":26,"column":4},"end":{"line":26,"column":null}},"4":{"start":{"line":27,"column":4},"end":{"line":27,"column":null}},"5":{"start":{"line":34,"column":4},"end":{"line":34,"column":null}},"6":{"start":{"line":36,"column":4},"end":{"line":36,"column":null}},"7":{"start":{"line":43,"column":20},"end":{"line":43,"column":62}},"8":{"start":{"line":45,"column":4},"end":{"line":45,"column":null}},"9":{"start":{"line":5,"column":0},"end":{"line":5,"column":22}}},"fnMap":{"0":{"name":"(anonymous_0)","decl":{"start":{"line":19,"column":2},"end":{"line":19,"column":null}},"loc":{"start":{"line":22,"column":26},"end":{"line":28,"column":3}}},"1":{"name":"(anonymous_1)","decl":{"start":{"line":33,"column":9},"end":{"line":33,"column":17}},"loc":{"start":{"line":33,"column":17},"end":{"line":37,"column":3}}},"2":{"name":"(anonymous_2)","decl":{"start":{"line":42,"column":9},"end":{"line":42,"column":15}},"loc":{"start":{"line":42,"column":43},"end":{"line":46,"column":3}}}},"branchMap":{"0":{"loc":{"start":{"line":43,"column":20},"end":{"line":43,"column":32}},"type":"binary-expr","locations":[{"start":{"line":43,"column":20},"end":{"line":43,"column":32}},{"start":{"line":43,"column":36},"end":{"line":43,"column":62}}]},"1":{"loc":{"start":{"line":45,"column":21},"end":{"line":45,"column":35}},"type":"cond-expr","locations":[{"start":{"line":45,"column":21},"end":{"line":45,"column":35}},{"start":{"line":45,"column":38},"end":{"line":45,"column":43}}]}},"s":{"0":61,"1":450,"2":450,"3":450,"4":450,"5":89,"6":89,"7":448,"8":448,"9":61},"f":{"0":450,"1":89,"2":448},"b":{"0":[448,427],"1":[41,407]}}
,"/home/joaopedro/PhpstormProjects/eloqjs/eloqjs/packages/core/src/attributes/types/Uid.ts": {"path":"/home/joaopedro/PhpstormProjects/eloqjs/eloqjs/packages/core/src/attributes/types/Uid.ts","statementMap":{"0":{"start":{"line":2,"column":0},"end":{"line":2,"column":55}},"1":{"start":{"line":3,"column":0},"end":{"line":3,"column":68}},"2":{"start":{"line":4,"column":0},"end":{"line":4,"column":29}},"3":{"start":{"line":11,"column":4},"end":{"line":11,"column":null}},"4":{"start":{"line":18,"column":4},"end":{"line":20,"column":null}},"5":{"start":{"line":19,"column":6},"end":{"line":19,"column":null}},"6":{"start":{"line":22,"column":4},"end":{"line":24,"column":null}},"7":{"start":{"line":23,"column":6},"end":{"line":23,"column":null}},"8":{"start":{"line":26,"column":4},"end":{"line":26,"column":null}},"9":{"start":{"line":6,"column":0},"end":{"line":6,"column":13}}},"fnMap":{"0":{"name":"(anonymous_0)","decl":{"start":{"line":10,"column":2},"end":{"line":10,"column":21}},"loc":{"start":{"line":10,"column":57},"end":{"line":12,"column":3}}},"1":{"name":"(anonymous_1)","decl":{"start":{"line":17,"column":9},"end":{"line":17,"column":13}},"loc":{"start":{"line":17,"column":29},"end":{"line":27,"column":3}}}},"branchMap":{"0":{"loc":{"start":{"line":18,"column":4},"end":{"line":20,"column":null}},"type":"if","locations":[{"start":{"line":18,"column":4},"end":{"line":20,"column":null}},{"start":{"line":18,"column":4},"end":{"line":20,"column":null}}]},"1":{"loc":{"start":{"line":18,"column":8},"end":{"line":18,"column":23}},"type":"binary-expr","locations":[{"start":{"line":18,"column":8},"end":{"line":18,"column":23}},{"start":{"line":18,"column":27},"end":{"line":18,"column":42}}]},"2":{"loc":{"start":{"line":22,"column":4},"end":{"line":24,"column":null}},"type":"if","locations":[{"start":{"line":22,"column":4},"end":{"line":24,"column":null}},{"start":{"line":22,"column":4},"end":{"line":24,"column":null}}]}},"s":{"0":61,"1":61,"2":61,"3":6,"4":8,"5":0,"6":8,"7":2,"8":6,"9":61},"f":{"0":6,"1":8},"b":{"0":[0,8],"1":[8,8],"2":[2,6]}}
,"/home/joaopedro/PhpstormProjects/eloqjs/eloqjs/packages/core/src/collection/Collection.ts": {"path":"/home/joaopedro/PhpstormProjects/eloqjs/eloqjs/packages/core/src/collection/Collection.ts","statementMap":{"0":{"start":{"line":2,"column":0},"end":{"line":2,"column":52}},"1":{"start":{"line":3,"column":0},"end":{"line":3,"column":null}},"2":{"start":{"line":20,"column":0},"end":{"line":20,"column":59}},"3":{"start":{"line":21,"column":0},"end":{"line":21,"column":49}},"4":{"start":{"line":30,"column":9},"end":{"line":30,"column":null}},"5":{"start":{"line":39,"column":19},"end":{"line":39,"column":null}},"6":{"start":{"line":45,"column":4},"end":{"line":45,"column":null}},"7":{"start":{"line":47,"column":4},"end":{"line":47,"column":null}},"8":{"start":{"line":49,"column":4},"end":{"line":51,"column":null}},"9":{"start":{"line":50,"column":6},"end":{"line":50,"column":null}},"10":{"start":{"line":58,"column":4},"end":{"line":58,"column":null}},"11":{"start":{"line":84,"column":4},"end":{"line":86,"column":null}},"12":{"start":{"line":85,"column":6},"end":{"line":85,"column":null}},"13":{"start":{"line":85,"column":31},"end":{"line":85,"column":62}},"14":{"start":{"line":88,"column":4},"end":{"line":90,"column":null}},"15":{"start":{"line":89,"column":6},"end":{"line":89,"column":null}},"16":{"start":{"line":92,"column":29},"end":{"line":92,"column":52}},"17":{"start":{"line":94,"column":4},"end":{"line":94,"column":null}},"18":{"start":{"line":96,"column":4},"end":{"line":96,"column":null}},"19":{"start":{"line":100,"column":16},"end":{"line":100,"column":18}},"20":{"start":{"line":102,"column":4},"end":{"line":111,"column":null}},"21":{"start":{"line":104,"column":8},"end":{"line":104,"column":null}},"22":{"start":{"line":106,"column":8},"end":{"line":109,"column":null}},"23":{"start":{"line":153,"column":4},"end":{"line":155,"column":null}},"24":{"start":{"line":154,"column":6},"end":{"line":154,"column":null}},"25":{"start":{"line":154,"column":30},"end":{"line":154,"column":41}},"26":{"start":{"line":154,"column":65},"end":{"line":154,"column":68}},"27":{"start":{"line":158,"column":4},"end":{"line":160,"column":null}},"28":{"start":{"line":159,"column":6},"end":{"line":159,"column":null}},"29":{"start":{"line":163,"column":4},"end":{"line":165,"column":null}},"30":{"start":{"line":168,"column":4},"end":{"line":170,"column":null}},"31":{"start":{"line":169,"column":6},"end":{"line":169,"column":12}},"32":{"start":{"line":172,"column":4},"end":{"line":172,"column":null}},"33":{"start":{"line":173,"column":4},"end":{"line":173,"column":null}},"34":{"start":{"line":175,"column":4},"end":{"line":175,"column":null}},"35":{"start":{"line":182,"column":4},"end":{"line":182,"column":null}},"36":{"start":{"line":189,"column":4},"end":{"line":189,"column":null}},"37":{"start":{"line":198,"column":19},"end":{"line":198,"column":21}},"38":{"start":{"line":199,"column":16},"end":{"line":199,"column":17}},"39":{"start":{"line":201,"column":4},"end":{"line":207,"column":34}},"40":{"start":{"line":202,"column":21},"end":{"line":202,"column":59}},"41":{"start":{"line":203,"column":25},"end":{"line":203,"column":55}},"42":{"start":{"line":205,"column":6},"end":{"line":205,"column":null}},"43":{"start":{"line":206,"column":6},"end":{"line":206,"column":null}},"44":{"start":{"line":209,"column":4},"end":{"line":209,"column":null}},"45":{"start":{"line":217,"column":4},"end":{"line":217,"column":null}},"46":{"start":{"line":224,"column":4},"end":{"line":224,"column":null}},"47":{"start":{"line":233,"column":18},"end":{"line":233,"column":40}},"48":{"start":{"line":235,"column":4},"end":{"line":238,"column":null}},"49":{"start":{"line":236,"column":6},"end":{"line":236,"column":null}},"50":{"start":{"line":237,"column":6},"end":{"line":237,"column":null}},"51":{"start":{"line":247,"column":4},"end":{"line":249,"column":null}},"52":{"start":{"line":248,"column":6},"end":{"line":248,"column":null}},"53":{"start":{"line":257,"column":4},"end":{"line":259,"column":null}},"54":{"start":{"line":258,"column":6},"end":{"line":258,"column":null}},"55":{"start":{"line":261,"column":19},"end":{"line":262,"column":null}},"56":{"start":{"line":262,"column":17},"end":{"line":262,"column":55}},"57":{"start":{"line":265,"column":4},"end":{"line":265,"column":null}},"58":{"start":{"line":309,"column":4},"end":{"line":311,"column":null}},"59":{"start":{"line":310,"column":6},"end":{"line":310,"column":null}},"60":{"start":{"line":313,"column":4},"end":{"line":315,"column":null}},"61":{"start":{"line":314,"column":6},"end":{"line":314,"column":null}},"62":{"start":{"line":317,"column":4},"end":{"line":319,"column":null}},"63":{"start":{"line":318,"column":6},"end":{"line":318,"column":null}},"64":{"start":{"line":318,"column":35},"end":{"line":318,"column":48}},"65":{"start":{"line":318,"column":72},"end":{"line":318,"column":75}},"66":{"start":{"line":321,"column":4},"end":{"line":323,"column":null}},"67":{"start":{"line":325,"column":4},"end":{"line":327,"column":null}},"68":{"start":{"line":326,"column":6},"end":{"line":326,"column":null}},"69":{"start":{"line":334,"column":4},"end":{"line":336,"column":null}},"70":{"start":{"line":335,"column":6},"end":{"line":335,"column":null}},"71":{"start":{"line":338,"column":4},"end":{"line":338,"column":null}},"72":{"start":{"line":347,"column":19},"end":{"line":347,"column":72}},"73":{"start":{"line":349,"column":4},"end":{"line":349,"column":null}},"74":{"start":{"line":361,"column":45},"end":{"line":361,"column":47}},"75":{"start":{"line":363,"column":4},"end":{"line":377,"column":null}},"76":{"start":{"line":366,"column":6},"end":{"line":370,"column":null}},"77":{"start":{"line":367,"column":8},"end":{"line":367,"column":null}},"78":{"start":{"line":369,"column":8},"end":{"line":369,"column":null}},"79":{"start":{"line":372,"column":6},"end":{"line":374,"column":null}},"80":{"start":{"line":373,"column":8},"end":{"line":373,"column":null}},"81":{"start":{"line":376,"column":6},"end":{"line":376,"column":null}},"82":{"start":{"line":379,"column":4},"end":{"line":379,"column":null}},"83":{"start":{"line":390,"column":19},"end":{"line":390,"column":36}},"84":{"start":{"line":392,"column":4},"end":{"line":396,"column":null}},"85":{"start":{"line":393,"column":6},"end":{"line":395,"column":null}},"86":{"start":{"line":394,"column":8},"end":{"line":394,"column":null}},"87":{"start":{"line":398,"column":4},"end":{"line":398,"column":null}},"88":{"start":{"line":408,"column":4},"end":{"line":408,"column":null}},"89":{"start":{"line":417,"column":4},"end":{"line":417,"column":null}},"90":{"start":{"line":426,"column":4},"end":{"line":426,"column":null}},"91":{"start":{"line":433,"column":4},"end":{"line":435,"column":null}},"92":{"start":{"line":434,"column":6},"end":{"line":434,"column":null}},"93":{"start":{"line":437,"column":4},"end":{"line":437,"column":null}},"94":{"start":{"line":445,"column":4},"end":{"line":445,"column":null}},"95":{"start":{"line":452,"column":19},"end":{"line":453,"column":null}},"96":{"start":{"line":453,"column":17},"end":{"line":453,"column":36}},"97":{"start":{"line":456,"column":4},"end":{"line":456,"column":null}},"98":{"start":{"line":463,"column":4},"end":{"line":469,"column":null}},"99":{"start":{"line":464,"column":6},"end":{"line":468,"column":null}},"100":{"start":{"line":471,"column":4},"end":{"line":471,"column":null}},"101":{"start":{"line":478,"column":19},"end":{"line":479,"column":null}},"102":{"start":{"line":479,"column":17},"end":{"line":479,"column":36}},"103":{"start":{"line":482,"column":4},"end":{"line":482,"column":null}},"104":{"start":{"line":489,"column":53},"end":{"line":489,"column":55}},"105":{"start":{"line":490,"column":23},"end":{"line":490,"column":24}},"106":{"start":{"line":492,"column":4},"end":{"line":494,"column":null}},"107":{"start":{"line":493,"column":6},"end":{"line":493,"column":null}},"108":{"start":{"line":496,"column":4},"end":{"line":514,"column":null}},"109":{"start":{"line":497,"column":25},"end":{"line":499,"column":8}},"110":{"start":{"line":498,"column":8},"end":{"line":498,"column":null}},"111":{"start":{"line":501,"column":6},"end":{"line":513,"column":null}},"112":{"start":{"line":502,"column":8},"end":{"line":505,"column":null}},"113":{"start":{"line":507,"column":8},"end":{"line":507,"column":null}},"114":{"start":{"line":508,"column":26},"end":{"line":508,"column":39}},"115":{"start":{"line":510,"column":8},"end":{"line":512,"column":null}},"116":{"start":{"line":511,"column":10},"end":{"line":511,"column":null}},"117":{"start":{"line":516,"column":4},"end":{"line":518,"column":null}},"118":{"start":{"line":517,"column":25},"end":{"line":517,"column":53}},"119":{"start":{"line":518,"column":22},"end":{"line":518,"column":31}},"120":{"start":{"line":525,"column":4},"end":{"line":525,"column":null}},"121":{"start":{"line":525,"column":38},"end":{"line":525,"column":47}},"122":{"start":{"line":532,"column":19},"end":{"line":534,"column":52}},"123":{"start":{"line":534,"column":33},"end":{"line":534,"column":51}},"124":{"start":{"line":536,"column":4},"end":{"line":536,"column":null}},"125":{"start":{"line":543,"column":4},"end":{"line":545,"column":null}},"126":{"start":{"line":544,"column":6},"end":{"line":544,"column":null}},"127":{"start":{"line":547,"column":19},"end":{"line":548,"column":null}},"128":{"start":{"line":548,"column":17},"end":{"line":548,"column":54}},"129":{"start":{"line":551,"column":4},"end":{"line":551,"column":null}},"130":{"start":{"line":559,"column":33},"end":{"line":562,"column":null}},"131":{"start":{"line":564,"column":4},"end":{"line":570,"column":null}},"132":{"start":{"line":565,"column":6},"end":{"line":569,"column":null}},"133":{"start":{"line":566,"column":8},"end":{"line":566,"column":null}},"134":{"start":{"line":568,"column":8},"end":{"line":568,"column":null}},"135":{"start":{"line":572,"column":4},"end":{"line":572,"column":null}},"136":{"start":{"line":598,"column":4},"end":{"line":598,"column":null}},"137":{"start":{"line":598,"column":38},"end":{"line":598,"column":53}},"138":{"start":{"line":607,"column":4},"end":{"line":609,"column":null}},"139":{"start":{"line":608,"column":6},"end":{"line":608,"column":null}},"140":{"start":{"line":611,"column":4},"end":{"line":611,"column":null}},"141":{"start":{"line":622,"column":23},"end":{"line":622,"column":45}},"142":{"start":{"line":625,"column":4},"end":{"line":627,"column":null}},"143":{"start":{"line":626,"column":6},"end":{"line":626,"column":null}},"144":{"start":{"line":629,"column":4},"end":{"line":629,"column":null}},"145":{"start":{"line":705,"column":4},"end":{"line":707,"column":null}},"146":{"start":{"line":706,"column":6},"end":{"line":706,"column":null}},"147":{"start":{"line":709,"column":4},"end":{"line":709,"column":null}},"148":{"start":{"line":768,"column":4},"end":{"line":770,"column":null}},"149":{"start":{"line":769,"column":6},"end":{"line":769,"column":null}},"150":{"start":{"line":772,"column":4},"end":{"line":774,"column":null}},"151":{"start":{"line":773,"column":6},"end":{"line":773,"column":null}},"152":{"start":{"line":773,"column":30},"end":{"line":773,"column":44}},"153":{"start":{"line":773,"column":68},"end":{"line":773,"column":71}},"154":{"start":{"line":777,"column":4},"end":{"line":782,"column":null}},"155":{"start":{"line":778,"column":16},"end":{"line":779,"column":null}},"156":{"start":{"line":779,"column":15},"end":{"line":779,"column":60}},"157":{"start":{"line":781,"column":6},"end":{"line":781,"column":null}},"158":{"start":{"line":785,"column":4},"end":{"line":787,"column":null}},"159":{"start":{"line":789,"column":4},"end":{"line":789,"column":null}},"160":{"start":{"line":827,"column":4},"end":{"line":829,"column":null}},"161":{"start":{"line":831,"column":4},"end":{"line":831,"column":null}},"162":{"start":{"line":832,"column":4},"end":{"line":832,"column":null}},"163":{"start":{"line":840,"column":4},"end":{"line":842,"column":null}},"164":{"start":{"line":841,"column":6},"end":{"line":841,"column":null}},"165":{"start":{"line":851,"column":4},"end":{"line":853,"column":null}},"166":{"start":{"line":852,"column":6},"end":{"line":852,"column":null}},"167":{"start":{"line":855,"column":4},"end":{"line":855,"column":null}},"168":{"start":{"line":866,"column":4},"end":{"line":871,"column":null}},"169":{"start":{"line":867,"column":6},"end":{"line":867,"column":null}},"170":{"start":{"line":868,"column":6},"end":{"line":868,"column":null}},"171":{"start":{"line":869,"column":6},"end":{"line":869,"column":null}},"172":{"start":{"line":870,"column":6},"end":{"line":870,"column":null}},"173":{"start":{"line":873,"column":4},"end":{"line":873,"column":null}},"174":{"start":{"line":880,"column":4},"end":{"line":880,"column":null}},"175":{"start":{"line":887,"column":4},"end":{"line":887,"column":null}},"176":{"start":{"line":889,"column":4},"end":{"line":889,"column":null}},"177":{"start":{"line":901,"column":4},"end":{"line":914,"column":null}},"178":{"start":{"line":902,"column":21},"end":{"line":904,"column":null}},"179":{"start":{"line":906,"column":21},"end":{"line":908,"column":null}},"180":{"start":{"line":911,"column":6},"end":{"line":913,"column":null}},"181":{"start":{"line":916,"column":4},"end":{"line":916,"column":null}},"182":{"start":{"line":928,"column":4},"end":{"line":928,"column":null}},"183":{"start":{"line":930,"column":4},"end":{"line":930,"column":null}},"184":{"start":{"line":932,"column":4},"end":{"line":932,"column":null}},"185":{"start":{"line":939,"column":27},"end":{"line":939,"column":58}},"186":{"start":{"line":940,"column":24},"end":{"line":940,"column":26}},"187":{"start":{"line":942,"column":4},"end":{"line":946,"column":null}},"188":{"start":{"line":942,"column":24},"end":{"line":942,"column":25}},"189":{"start":{"line":943,"column":6},"end":{"line":945,"column":null}},"190":{"start":{"line":948,"column":4},"end":{"line":948,"column":null}},"191":{"start":{"line":960,"column":16},"end":{"line":960,"column":17}},"192":{"start":{"line":962,"column":4},"end":{"line":972,"column":null}},"193":{"start":{"line":965,"column":6},"end":{"line":969,"column":null}},"194":{"start":{"line":966,"column":8},"end":{"line":966,"column":null}},"195":{"start":{"line":968,"column":8},"end":{"line":968,"column":null}},"196":{"start":{"line":971,"column":6},"end":{"line":971,"column":null}},"197":{"start":{"line":974,"column":4},"end":{"line":974,"column":null}},"198":{"start":{"line":982,"column":4},"end":{"line":984,"column":null}},"199":{"start":{"line":983,"column":6},"end":{"line":983,"column":null}},"200":{"start":{"line":993,"column":4},"end":{"line":995,"column":null}},"201":{"start":{"line":994,"column":6},"end":{"line":994,"column":null}},"202":{"start":{"line":997,"column":4},"end":{"line":997,"column":null}},"203":{"start":{"line":1005,"column":4},"end":{"line":1005,"column":null}},"204":{"start":{"line":1033,"column":23},"end":{"line":1033,"column":35}},"205":{"start":{"line":1035,"column":29},"end":{"line":1035,"column":37}},"206":{"start":{"line":1036,"column":26},"end":{"line":1036,"column":31}},"207":{"start":{"line":1038,"column":4},"end":{"line":1059,"column":null}},"208":{"start":{"line":1039,"column":6},"end":{"line":1041,"column":null}},"209":{"start":{"line":1040,"column":19},"end":{"line":1040,"column":39}},"210":{"start":{"line":1042,"column":11},"end":{"line":1059,"column":null}},"211":{"start":{"line":1043,"column":6},"end":{"line":1045,"column":null}},"212":{"start":{"line":1044,"column":19},"end":{"line":1044,"column":40}},"213":{"start":{"line":1047,"column":6},"end":{"line":1050,"column":null}},"214":{"start":{"line":1048,"column":8},"end":{"line":1048,"column":null}},"215":{"start":{"line":1049,"column":8},"end":{"line":1049,"column":null}},"216":{"start":{"line":1052,"column":6},"end":{"line":1058,"column":null}},"217":{"start":{"line":1053,"column":8},"end":{"line":1057,"column":null}},"218":{"start":{"line":1061,"column":4},"end":{"line":1061,"column":null}},"219":{"start":{"line":1068,"column":4},"end":{"line":1068,"column":null}},"220":{"start":{"line":1077,"column":4},"end":{"line":1077,"column":null}},"221":{"start":{"line":1078,"column":4},"end":{"line":1078,"column":null}},"222":{"start":{"line":1087,"column":4},"end":{"line":1087,"column":null}},"223":{"start":{"line":1088,"column":4},"end":{"line":1088,"column":null}},"224":{"start":{"line":1097,"column":4},"end":{"line":1099,"column":null}},"225":{"start":{"line":1098,"column":6},"end":{"line":1098,"column":null}},"226":{"start":{"line":1101,"column":4},"end":{"line":1101,"column":null}},"227":{"start":{"line":1101,"column":40},"end":{"line":1101,"column":61}},"228":{"start":{"line":1110,"column":4},"end":{"line":1110,"column":null}},"229":{"start":{"line":1117,"column":4},"end":{"line":1117,"column":null}},"230":{"start":{"line":1126,"column":4},"end":{"line":1126,"column":null}},"231":{"start":{"line":1138,"column":4},"end":{"line":1140,"column":null}},"232":{"start":{"line":1139,"column":6},"end":{"line":1139,"column":12}},"233":{"start":{"line":1142,"column":21},"end":{"line":1142,"column":39}},"234":{"start":{"line":1144,"column":4},"end":{"line":1144,"column":null}},"235":{"start":{"line":1146,"column":4},"end":{"line":1146,"column":null}},"236":{"start":{"line":1148,"column":4},"end":{"line":1148,"column":null}},"237":{"start":{"line":1159,"column":4},"end":{"line":1159,"column":null}},"238":{"start":{"line":1166,"column":28},"end":{"line":1166,"column":39}},"239":{"start":{"line":1169,"column":4},"end":{"line":1169,"column":null}},"240":{"start":{"line":1172,"column":4},"end":{"line":1174,"column":null}},"241":{"start":{"line":1173,"column":6},"end":{"line":1173,"column":null}},"242":{"start":{"line":1184,"column":4},"end":{"line":1187,"column":null}},"243":{"start":{"line":1194,"column":4},"end":{"line":1194,"column":null}},"244":{"start":{"line":1201,"column":4},"end":{"line":1201,"column":null}},"245":{"start":{"line":1209,"column":4},"end":{"line":1214,"column":null}},"246":{"start":{"line":27,"column":0},"end":{"line":27,"column":13}}},"fnMap":{"0":{"name":"(anonymous_0)","decl":{"start":{"line":41,"column":2},"end":{"line":41,"column":null}},"loc":{"start":{"line":43,"column":35},"end":{"line":52,"column":3}}},"1":{"name":"(anonymous_1)","decl":{"start":{"line":57,"column":2},"end":{"line":57,"column":13}},"loc":{"start":{"line":57,"column":19},"end":{"line":59,"column":3}}},"2":{"name":"(anonymous_2)","decl":{"start":{"line":80,"column":10},"end":{"line":80,"column":16}},"loc":{"start":{"line":82,"column":28},"end":{"line":97,"column":3}}},"3":{"name":"(anonymous_3)","decl":{"start":{"line":85,"column":24},"end":{"line":85,"column":25}},"loc":{"start":{"line":85,"column":31},"end":{"line":85,"column":62}}},"4":{"name":"(anonymous_4)","decl":{"start":{"line":99,"column":9},"end":{"line":99,"column":10}},"loc":{"start":{"line":99,"column":26},"end":{"line":112,"column":3}}},"5":{"name":"(anonymous_5)","decl":{"start":{"line":103,"column":12},"end":{"line":103,"column":15}},"loc":{"start":{"line":103,"column":17},"end":{"line":110,"column":7}}},"6":{"name":"(anonymous_6)","decl":{"start":{"line":151,"column":9},"end":{"line":151,"column":12}},"loc":{"start":{"line":151,"column":49},"end":{"line":176,"column":3}}},"7":{"name":"(anonymous_7)","decl":{"start":{"line":154,"column":23},"end":{"line":154,"column":24}},"loc":{"start":{"line":154,"column":30},"end":{"line":154,"column":41}}},"8":{"name":"(anonymous_8)","decl":{"start":{"line":154,"column":50},"end":{"line":154,"column":51}},"loc":{"start":{"line":154,"column":65},"end":{"line":154,"column":68}}},"9":{"name":"(anonymous_9)","decl":{"start":{"line":181,"column":9},"end":{"line":181,"column":16}},"loc":{"start":{"line":181,"column":54},"end":{"line":183,"column":3}}},"10":{"name":"(anonymous_10)","decl":{"start":{"line":188,"column":9},"end":{"line":188,"column":12}},"loc":{"start":{"line":188,"column":50},"end":{"line":190,"column":3}}},"11":{"name":"(anonymous_11)","decl":{"start":{"line":197,"column":9},"end":{"line":197,"column":14}},"loc":{"start":{"line":197,"column":27},"end":{"line":210,"column":3}}},"12":{"name":"(anonymous_12)","decl":{"start":{"line":216,"column":9},"end":{"line":216,"column":14}},"loc":{"start":{"line":216,"column":14},"end":{"line":218,"column":3}}},"13":{"name":"(anonymous_13)","decl":{"start":{"line":223,"column":9},"end":{"line":223,"column":14}},"loc":{"start":{"line":223,"column":14},"end":{"line":225,"column":3}}},"14":{"name":"(anonymous_14)","decl":{"start":{"line":230,"column":9},"end":{"line":230,"column":16}},"loc":{"start":{"line":231,"column":49},"end":{"line":239,"column":3}}},"15":{"name":"(anonymous_15)","decl":{"start":{"line":235,"column":37},"end":{"line":235,"column":38}},"loc":{"start":{"line":235,"column":53},"end":{"line":238,"column":5}}},"16":{"name":"(anonymous_16)","decl":{"start":{"line":244,"column":9},"end":{"line":244,"column":13}},"loc":{"start":{"line":245,"column":62},"end":{"line":251,"column":3}}},"17":{"name":"(anonymous_17)","decl":{"start":{"line":247,"column":29},"end":{"line":247,"column":30}},"loc":{"start":{"line":247,"column":46},"end":{"line":249,"column":5}}},"18":{"name":"(anonymous_18)","decl":{"start":{"line":256,"column":9},"end":{"line":256,"column":15}},"loc":{"start":{"line":256,"column":41},"end":{"line":266,"column":3}}},"19":{"name":"(anonymous_19)","decl":{"start":{"line":262,"column":6},"end":{"line":262,"column":7}},"loc":{"start":{"line":262,"column":17},"end":{"line":262,"column":55}}},"20":{"name":"(anonymous_20)","decl":{"start":{"line":306,"column":9},"end":{"line":306,"column":13}},"loc":{"start":{"line":307,"column":76},"end":{"line":328,"column":3}}},"21":{"name":"(anonymous_21)","decl":{"start":{"line":318,"column":27},"end":{"line":318,"column":28}},"loc":{"start":{"line":318,"column":35},"end":{"line":318,"column":48}}},"22":{"name":"(anonymous_22)","decl":{"start":{"line":318,"column":57},"end":{"line":318,"column":58}},"loc":{"start":{"line":318,"column":72},"end":{"line":318,"column":75}}},"23":{"name":"(anonymous_23)","decl":{"start":{"line":325,"column":21},"end":{"line":325,"column":22}},"loc":{"start":{"line":325,"column":31},"end":{"line":327,"column":5}}},"24":{"name":"(anonymous_24)","decl":{"start":{"line":333,"column":9},"end":{"line":333,"column":14}},"loc":{"start":{"line":333,"column":14},"end":{"line":339,"column":3}}},"25":{"name":"(anonymous_25)","decl":{"start":{"line":346,"column":9},"end":{"line":346,"column":16}},"loc":{"start":{"line":346,"column":44},"end":{"line":350,"column":3}}},"26":{"name":"(anonymous_26)","decl":{"start":{"line":355,"column":9},"end":{"line":355,"column":16}},"loc":{"start":{"line":359,"column":45},"end":{"line":380,"column":3}}},"27":{"name":"(anonymous_27)","decl":{"start":{"line":363,"column":24},"end":{"line":363,"column":25}},"loc":{"start":{"line":363,"column":41},"end":{"line":377,"column":5}}},"28":{"name":"(anonymous_28)","decl":{"start":{"line":389,"column":9},"end":{"line":389,"column":12}},"loc":{"start":{"line":389,"column":27},"end":{"line":399,"column":3}}},"29":{"name":"(anonymous_29)","decl":{"start":{"line":407,"column":9},"end":{"line":407,"column":16}},"loc":{"start":{"line":407,"column":68},"end":{"line":409,"column":3}}},"30":{"name":"(anonymous_30)","decl":{"start":{"line":416,"column":9},"end":{"line":416,"column":16}},"loc":{"start":{"line":416,"column":16},"end":{"line":418,"column":3}}},"31":{"name":"(anonymous_31)","decl":{"start":{"line":425,"column":9},"end":{"line":425,"column":19}},"loc":{"start":{"line":425,"column":19},"end":{"line":427,"column":3}}},"32":{"name":"(anonymous_32)","decl":{"start":{"line":432,"column":9},"end":{"line":432,"column":13}},"loc":{"start":{"line":432,"column":13},"end":{"line":438,"column":3}}},"33":{"name":"(anonymous_33)","decl":{"start":{"line":444,"column":9},"end":{"line":444,"column":12}},"loc":{"start":{"line":444,"column":72},"end":{"line":446,"column":3}}},"34":{"name":"(anonymous_34)","decl":{"start":{"line":451,"column":9},"end":{"line":451,"column":12}},"loc":{"start":{"line":451,"column":50},"end":{"line":457,"column":3}}},"35":{"name":"(anonymous_35)","decl":{"start":{"line":453,"column":6},"end":{"line":453,"column":7}},"loc":{"start":{"line":453,"column":17},"end":{"line":453,"column":36}}},"36":{"name":"(anonymous_36)","decl":{"start":{"line":462,"column":9},"end":{"line":462,"column":15}},"loc":{"start":{"line":462,"column":53},"end":{"line":472,"column":3}}},"37":{"name":"(anonymous_37)","decl":{"start":{"line":477,"column":9},"end":{"line":477,"column":12}},"loc":{"start":{"line":477,"column":50},"end":{"line":483,"column":3}}},"38":{"name":"(anonymous_38)","decl":{"start":{"line":479,"column":6},"end":{"line":479,"column":7}},"loc":{"start":{"line":479,"column":17},"end":{"line":479,"column":36}}},"39":{"name":"(anonymous_39)","decl":{"start":{"line":488,"column":9},"end":{"line":488,"column":13}},"loc":{"start":{"line":488,"column":51},"end":{"line":519,"column":3}}},"40":{"name":"(anonymous_40)","decl":{"start":{"line":496,"column":24},"end":{"line":496,"column":25}},"loc":{"start":{"line":496,"column":34},"end":{"line":514,"column":5}}},"41":{"name":"(anonymous_41)","decl":{"start":{"line":497,"column":39},"end":{"line":497,"column":40}},"loc":{"start":{"line":497,"column":49},"end":{"line":499,"column":7}}},"42":{"name":"(anonymous_42)","decl":{"start":{"line":517,"column":14},"end":{"line":517,"column":15}},"loc":{"start":{"line":517,"column":25},"end":{"line":517,"column":53}}},"43":{"name":"(anonymous_43)","decl":{"start":{"line":518,"column":11},"end":{"line":518,"column":12}},"loc":{"start":{"line":518,"column":22},"end":{"line":518,"column":31}}},"44":{"name":"(anonymous_44)","decl":{"start":{"line":524,"column":9},"end":{"line":524,"column":18}},"loc":{"start":{"line":524,"column":18},"end":{"line":526,"column":3}}},"45":{"name":"(anonymous_45)","decl":{"start":{"line":525,"column":27},"end":{"line":525,"column":28}},"loc":{"start":{"line":525,"column":38},"end":{"line":525,"column":47}}},"46":{"name":"(anonymous_46)","decl":{"start":{"line":531,"column":9},"end":{"line":531,"column":12}},"loc":{"start":{"line":531,"column":42},"end":{"line":537,"column":3}}},"47":{"name":"(anonymous_47)","decl":{"start":{"line":534,"column":14},"end":{"line":534,"column":15}},"loc":{"start":{"line":534,"column":33},"end":{"line":534,"column":51}}},"48":{"name":"(anonymous_48)","decl":{"start":{"line":542,"column":9},"end":{"line":542,"column":13}},"loc":{"start":{"line":542,"column":39},"end":{"line":552,"column":3}}},"49":{"name":"(anonymous_49)","decl":{"start":{"line":548,"column":6},"end":{"line":548,"column":7}},"loc":{"start":{"line":548,"column":17},"end":{"line":548,"column":54}}},"50":{"name":"(anonymous_50)","decl":{"start":{"line":558,"column":9},"end":{"line":558,"column":18}},"loc":{"start":{"line":558,"column":50},"end":{"line":573,"column":3}}},"51":{"name":"(anonymous_51)","decl":{"start":{"line":564,"column":24},"end":{"line":564,"column":25}},"loc":{"start":{"line":564,"column":34},"end":{"line":570,"column":5}}},"52":{"name":"(anonymous_52)","decl":{"start":{"line":595,"column":9},"end":{"line":595,"column":14}},"loc":{"start":{"line":596,"column":19},"end":{"line":599,"column":3}}},"53":{"name":"(anonymous_53)","decl":{"start":{"line":598,"column":27},"end":{"line":598,"column":28}},"loc":{"start":{"line":598,"column":38},"end":{"line":598,"column":53}}},"54":{"name":"(anonymous_54)","decl":{"start":{"line":606,"column":9},"end":{"line":606,"column":12}},"loc":{"start":{"line":606,"column":12},"end":{"line":612,"column":3}}},"55":{"name":"(anonymous_55)","decl":{"start":{"line":621,"column":9},"end":{"line":621,"column":15}},"loc":{"start":{"line":621,"column":31},"end":{"line":630,"column":3}}},"56":{"name":"(anonymous_56)","decl":{"start":{"line":700,"column":9},"end":{"line":700,"column":15}},"loc":{"start":{"line":702,"column":15},"end":{"line":710,"column":3}}},"57":{"name":"(anonymous_57)","decl":{"start":{"line":760,"column":9},"end":{"line":760,"column":15}},"loc":{"start":{"line":765,"column":58},"end":{"line":790,"column":3}}},"58":{"name":"(anonymous_58)","decl":{"start":{"line":773,"column":23},"end":{"line":773,"column":24}},"loc":{"start":{"line":773,"column":30},"end":{"line":773,"column":44}}},"59":{"name":"(anonymous_59)","decl":{"start":{"line":773,"column":53},"end":{"line":773,"column":54}},"loc":{"start":{"line":773,"column":68},"end":{"line":773,"column":71}}},"60":{"name":"(anonymous_60)","decl":{"start":{"line":779,"column":8},"end":{"line":779,"column":9}},"loc":{"start":{"line":779,"column":15},"end":{"line":779,"column":60}}},"61":{"name":"(anonymous_61)","decl":{"start":{"line":826,"column":9},"end":{"line":826,"column":16}},"loc":{"start":{"line":826,"column":54},"end":{"line":833,"column":3}}},"62":{"name":"(anonymous_62)","decl":{"start":{"line":839,"column":9},"end":{"line":839,"column":14}},"loc":{"start":{"line":839,"column":45},"end":{"line":843,"column":3}}},"63":{"name":"(anonymous_63)","decl":{"start":{"line":850,"column":9},"end":{"line":850,"column":14}},"loc":{"start":{"line":850,"column":14},"end":{"line":856,"column":3}}},"64":{"name":"(anonymous_64)","decl":{"start":{"line":861,"column":9},"end":{"line":861,"column":16}},"loc":{"start":{"line":861,"column":16},"end":{"line":874,"column":3}}},"65":{"name":"(anonymous_65)","decl":{"start":{"line":879,"column":9},"end":{"line":879,"column":13}},"loc":{"start":{"line":879,"column":27},"end":{"line":881,"column":3}}},"66":{"name":"(anonymous_66)","decl":{"start":{"line":886,"column":9},"end":{"line":886,"column":13}},"loc":{"start":{"line":886,"column":46},"end":{"line":890,"column":3}}},"67":{"name":"(anonymous_67)","decl":{"start":{"line":895,"column":9},"end":{"line":895,"column":15}},"loc":{"start":{"line":899,"column":39},"end":{"line":917,"column":3}}},"68":{"name":"(anonymous_68)","decl":{"start":{"line":901,"column":21},"end":{"line":901,"column":22}},"loc":{"start":{"line":901,"column":30},"end":{"line":914,"column":5}}},"69":{"name":"(anonymous_69)","decl":{"start":{"line":922,"column":9},"end":{"line":922,"column":19}},"loc":{"start":{"line":926,"column":39},"end":{"line":933,"column":3}}},"70":{"name":"(anonymous_70)","decl":{"start":{"line":938,"column":9},"end":{"line":938,"column":14}},"loc":{"start":{"line":938,"column":27},"end":{"line":949,"column":3}}},"71":{"name":"(anonymous_71)","decl":{"start":{"line":957,"column":9},"end":{"line":957,"column":12}},"loc":{"start":{"line":958,"column":75},"end":{"line":975,"column":3}}},"72":{"name":"(anonymous_72)","decl":{"start":{"line":981,"column":9},"end":{"line":981,"column":22}},"loc":{"start":{"line":981,"column":53},"end":{"line":985,"column":3}}},"73":{"name":"(anonymous_73)","decl":{"start":{"line":992,"column":9},"end":{"line":992,"column":13}},"loc":{"start":{"line":992,"column":27},"end":{"line":998,"column":3}}},"74":{"name":"(anonymous_74)","decl":{"start":{"line":1004,"column":9},"end":{"line":1004,"column":15}},"loc":{"start":{"line":1004,"column":15},"end":{"line":1006,"column":3}}},"75":{"name":"(anonymous_75)","decl":{"start":{"line":1028,"column":9},"end":{"line":1028,"column":14}},"loc":{"start":{"line":1031,"column":13},"end":{"line":1062,"column":3}}},"76":{"name":"(anonymous_76)","decl":{"start":{"line":1040,"column":8},"end":{"line":1040,"column":9}},"loc":{"start":{"line":1040,"column":19},"end":{"line":1040,"column":39}}},"77":{"name":"(anonymous_77)","decl":{"start":{"line":1044,"column":8},"end":{"line":1044,"column":9}},"loc":{"start":{"line":1044,"column":19},"end":{"line":1044,"column":40}}},"78":{"name":"(anonymous_78)","decl":{"start":{"line":1052,"column":45},"end":{"line":1052,"column":46}},"loc":{"start":{"line":1052,"column":55},"end":{"line":1058,"column":7}}},"79":{"name":"(anonymous_79)","decl":{"start":{"line":1067,"column":9},"end":{"line":1067,"column":14}},"loc":{"start":{"line":1067,"column":14},"end":{"line":1069,"column":3}}},"80":{"name":"(anonymous_80)","decl":{"start":{"line":1076,"column":12},"end":{"line":1076,"column":20}},"loc":{"start":{"line":1076,"column":33},"end":{"line":1079,"column":3}}},"81":{"name":"(anonymous_81)","decl":{"start":{"line":1086,"column":12},"end":{"line":1086,"column":17}},"loc":{"start":{"line":1086,"column":30},"end":{"line":1089,"column":3}}},"82":{"name":"(anonymous_82)","decl":{"start":{"line":1096,"column":10},"end":{"line":1096,"column":18}},"loc":{"start":{"line":1096,"column":31},"end":{"line":1102,"column":3}}},"83":{"name":"(anonymous_83)","decl":{"start":{"line":1101,"column":33},"end":{"line":1101,"column":34}},"loc":{"start":{"line":1101,"column":40},"end":{"line":1101,"column":61}}},"84":{"name":"(anonymous_84)","decl":{"start":{"line":1109,"column":10},"end":{"line":1109,"column":34}},"loc":{"start":{"line":1109,"column":47},"end":{"line":1111,"column":3}}},"85":{"name":"(anonymous_85)","decl":{"start":{"line":1116,"column":10},"end":{"line":1116,"column":29}},"loc":{"start":{"line":1116,"column":42},"end":{"line":1118,"column":3}}},"86":{"name":"(anonymous_86)","decl":{"start":{"line":1125,"column":10},"end":{"line":1125,"column":29}},"loc":{"start":{"line":1125,"column":42},"end":{"line":1127,"column":3}}},"87":{"name":"(anonymous_87)","decl":{"start":{"line":1137,"column":10},"end":{"line":1137,"column":29}},"loc":{"start":{"line":1137,"column":43},"end":{"line":1149,"column":3}}},"88":{"name":"(anonymous_88)","decl":{"start":{"line":1158,"column":10},"end":{"line":1158,"column":22}},"loc":{"start":{"line":1158,"column":31},"end":{"line":1160,"column":3}}},"89":{"name":"(anonymous_89)","decl":{"start":{"line":1165,"column":10},"end":{"line":1165,"column":22}},"loc":{"start":{"line":1165,"column":22},"end":{"line":1175,"column":3}}},"90":{"name":"(anonymous_90)","decl":{"start":{"line":1172,"column":17},"end":{"line":1172,"column":18}},"loc":{"start":{"line":1172,"column":27},"end":{"line":1174,"column":5}}},"91":{"name":"(anonymous_91)","decl":{"start":{"line":1180,"column":10},"end":{"line":1180,"column":27}},"loc":{"start":{"line":1182,"column":35},"end":{"line":1188,"column":3}}},"92":{"name":"(anonymous_92)","decl":{"start":{"line":1193,"column":10},"end":{"line":1193,"column":15}},"loc":{"start":{"line":1193,"column":15},"end":{"line":1195,"column":3}}},"93":{"name":"(anonymous_93)","decl":{"start":{"line":1200,"column":10},"end":{"line":1200,"column":15}},"loc":{"start":{"line":1200,"column":15},"end":{"line":1202,"column":3}}},"94":{"name":"(anonymous_94)","decl":{"start":{"line":1207,"column":10},"end":{"line":1207,"column":22}},"loc":{"start":{"line":1207,"column":22},"end":{"line":1215,"column":3}}}},"branchMap":{"0":{"loc":{"start":{"line":42,"column":30},"end":{"line":42,"column":32}},"type":"default-arg","locations":[{"start":{"line":42,"column":30},"end":{"line":42,"column":32}}]},"1":{"loc":{"start":{"line":43,"column":33},"end":{"line":43,"column":35}},"type":"default-arg","locations":[{"start":{"line":43,"column":33},"end":{"line":43,"column":35}}]},"2":{"loc":{"start":{"line":49,"column":4},"end":{"line":51,"column":null}},"type":"if","locations":[{"start":{"line":49,"column":4},"end":{"line":51,"column":null}},{"start":{"line":49,"column":4},"end":{"line":51,"column":null}}]},"3":{"loc":{"start":{"line":84,"column":4},"end":{"line":86,"column":null}},"type":"if","locations":[{"start":{"line":84,"column":4},"end":{"line":86,"column":null}},{"start":{"line":84,"column":4},"end":{"line":86,"column":null}}]},"4":{"loc":{"start":{"line":88,"column":4},"end":{"line":90,"column":null}},"type":"if","locations":[{"start":{"line":88,"column":4},"end":{"line":90,"column":null}},{"start":{"line":88,"column":4},"end":{"line":90,"column":null}}]},"5":{"loc":{"start":{"line":92,"column":29},"end":{"line":92,"column":38}},"type":"binary-expr","locations":[{"start":{"line":92,"column":29},"end":{"line":92,"column":38}},{"start":{"line":92,"column":42},"end":{"line":92,"column":52}}]},"6":{"loc":{"start":{"line":153,"column":4},"end":{"line":155,"column":null}},"type":"if","locations":[{"start":{"line":153,"column":4},"end":{"line":155,"column":null}},{"start":{"line":153,"column":4},"end":{"line":155,"column":null}}]},"7":{"loc":{"start":{"line":158,"column":4},"end":{"line":160,"column":null}},"type":"if","locations":[{"start":{"line":158,"column":4},"end":{"line":160,"column":null}},{"start":{"line":158,"column":4},"end":{"line":160,"column":null}}]},"8":{"loc":{"start":{"line":168,"column":4},"end":{"line":170,"column":null}},"type":"if","locations":[{"start":{"line":168,"column":4},"end":{"line":170,"column":null}},{"start":{"line":168,"column":4},"end":{"line":170,"column":null}}]},"9":{"loc":{"start":{"line":257,"column":4},"end":{"line":259,"column":null}},"type":"if","locations":[{"start":{"line":257,"column":4},"end":{"line":259,"column":null}},{"start":{"line":257,"column":4},"end":{"line":259,"column":null}}]},"10":{"loc":{"start":{"line":257,"column":8},"end":{"line":257,"column":23}},"type":"binary-expr","locations":[{"start":{"line":257,"column":8},"end":{"line":257,"column":23}},{"start":{"line":257,"column":27},"end":{"line":257,"column":40}}]},"11":{"loc":{"start":{"line":262,"column":17},"end":{"line":262,"column":26}},"type":"binary-expr","locations":[{"start":{"line":262,"column":17},"end":{"line":262,"column":26}},{"start":{"line":262,"column":30},"end":{"line":262,"column":55}}]},"12":{"loc":{"start":{"line":309,"column":4},"end":{"line":311,"column":null}},"type":"if","locations":[{"start":{"line":309,"column":4},"end":{"line":311,"column":null}},{"start":{"line":309,"column":4},"end":{"line":311,"column":null}}]},"13":{"loc":{"start":{"line":310,"column":13},"end":{"line":310,"column":40}},"type":"binary-expr","locations":[{"start":{"line":310,"column":13},"end":{"line":310,"column":40}},{"start":{"line":310,"column":44},"end":{"line":310,"column":48}}]},"14":{"loc":{"start":{"line":313,"column":4},"end":{"line":315,"column":null}},"type":"if","locations":[{"start":{"line":313,"column":4},"end":{"line":315,"column":null}},{"start":{"line":313,"column":4},"end":{"line":315,"column":null}}]},"15":{"loc":{"start":{"line":314,"column":14},"end":{"line":314,"column":27}},"type":"binary-expr","locations":[{"start":{"line":314,"column":14},"end":{"line":314,"column":27}},{"start":{"line":314,"column":31},"end":{"line":314,"column":55}},{"start":{"line":314,"column":60},"end":{"line":314,"column":64}}]},"16":{"loc":{"start":{"line":317,"column":4},"end":{"line":319,"column":null}},"type":"if","locations":[{"start":{"line":317,"column":4},"end":{"line":319,"column":null}},{"start":{"line":317,"column":4},"end":{"line":319,"column":null}}]},"17":{"loc":{"start":{"line":321,"column":11},"end":{"line":321,"column":30}},"type":"binary-expr","locations":[{"start":{"line":321,"column":11},"end":{"line":321,"column":30}},{"start":{"line":321,"column":34},"end":{"line":321,"column":53}}]},"18":{"loc":{"start":{"line":334,"column":4},"end":{"line":336,"column":null}},"type":"if","locations":[{"start":{"line":334,"column":4},"end":{"line":336,"column":null}},{"start":{"line":334,"column":4},"end":{"line":336,"column":null}}]},"19":{"loc":{"start":{"line":366,"column":6},"end":{"line":370,"column":null}},"type":"if","locations":[{"start":{"line":366,"column":6},"end":{"line":370,"column":null}},{"start":{"line":366,"column":6},"end":{"line":370,"column":null}}]},"20":{"loc":{"start":{"line":367,"column":39},"end":{"line":367,"column":43}},"type":"cond-expr","locations":[{"start":{"line":367,"column":39},"end":{"line":367,"column":43}},{"start":{"line":367,"column":43},"end":{"line":367,"column":45}}]},"21":{"loc":{"start":{"line":367,"column":19},"end":{"line":367,"column":43}},"type":"binary-expr","locations":[{"start":{"line":367,"column":19},"end":{"line":367,"column":43}},{"start":{"line":367,"column":39},"end":{"line":367,"column":43}}]},"22":{"loc":{"start":{"line":369,"column":42},"end":{"line":369,"column":46}},"type":"cond-expr","locations":[{"start":{"line":369,"column":42},"end":{"line":369,"column":46}},{"start":{"line":369,"column":46},"end":{"line":369,"column":48}}]},"23":{"loc":{"start":{"line":369,"column":19},"end":{"line":369,"column":46}},"type":"binary-expr","locations":[{"start":{"line":369,"column":19},"end":{"line":369,"column":46}},{"start":{"line":369,"column":42},"end":{"line":369,"column":46}}]},"24":{"loc":{"start":{"line":372,"column":6},"end":{"line":374,"column":null}},"type":"if","locations":[{"start":{"line":372,"column":6},"end":{"line":374,"column":null}},{"start":{"line":372,"column":6},"end":{"line":374,"column":null}}]},"25":{"loc":{"start":{"line":393,"column":6},"end":{"line":395,"column":null}},"type":"if","locations":[{"start":{"line":393,"column":6},"end":{"line":395,"column":null}},{"start":{"line":393,"column":6},"end":{"line":395,"column":null}}]},"26":{"loc":{"start":{"line":433,"column":4},"end":{"line":435,"column":null}},"type":"if","locations":[{"start":{"line":433,"column":4},"end":{"line":435,"column":null}},{"start":{"line":433,"column":4},"end":{"line":435,"column":null}}]},"27":{"loc":{"start":{"line":463,"column":4},"end":{"line":469,"column":null}},"type":"if","locations":[{"start":{"line":463,"column":4},"end":{"line":469,"column":null}},{"start":{"line":463,"column":4},"end":{"line":469,"column":null}}]},"28":{"loc":{"start":{"line":492,"column":4},"end":{"line":494,"column":null}},"type":"if","locations":[{"start":{"line":492,"column":4},"end":{"line":494,"column":null}},{"start":{"line":492,"column":4},"end":{"line":494,"column":null}}]},"29":{"loc":{"start":{"line":501,"column":6},"end":{"line":513,"column":null}},"type":"if","locations":[{"start":{"line":501,"column":6},"end":{"line":513,"column":null}},{"start":{"line":501,"column":6},"end":{"line":513,"column":null}}]},"30":{"loc":{"start":{"line":510,"column":8},"end":{"line":512,"column":null}},"type":"if","locations":[{"start":{"line":510,"column":8},"end":{"line":512,"column":null}},{"start":{"line":510,"column":8},"end":{"line":512,"column":null}}]},"31":{"loc":{"start":{"line":543,"column":4},"end":{"line":545,"column":null}},"type":"if","locations":[{"start":{"line":543,"column":4},"end":{"line":545,"column":null}},{"start":{"line":543,"column":4},"end":{"line":545,"column":null}}]},"32":{"loc":{"start":{"line":543,"column":8},"end":{"line":543,"column":23}},"type":"binary-expr","locations":[{"start":{"line":543,"column":8},"end":{"line":543,"column":23}},{"start":{"line":543,"column":27},"end":{"line":543,"column":40}}]},"33":{"loc":{"start":{"line":548,"column":17},"end":{"line":548,"column":26}},"type":"binary-expr","locations":[{"start":{"line":548,"column":17},"end":{"line":548,"column":26}},{"start":{"line":548,"column":30},"end":{"line":548,"column":54}}]},"34":{"loc":{"start":{"line":565,"column":6},"end":{"line":569,"column":null}},"type":"if","locations":[{"start":{"line":565,"column":6},"end":{"line":569,"column":null}},{"start":{"line":565,"column":6},"end":{"line":569,"column":null}}]},"35":{"loc":{"start":{"line":607,"column":4},"end":{"line":609,"column":null}},"type":"if","locations":[{"start":{"line":607,"column":4},"end":{"line":609,"column":null}},{"start":{"line":607,"column":4},"end":{"line":609,"column":null}}]},"36":{"loc":{"start":{"line":608,"column":13},"end":{"line":608,"column":55}},"type":"binary-expr","locations":[{"start":{"line":608,"column":13},"end":{"line":608,"column":55}},{"start":{"line":608,"column":59},"end":{"line":608,"column":63}}]},"37":{"loc":{"start":{"line":625,"column":4},"end":{"line":627,"column":null}},"type":"if","locations":[{"start":{"line":625,"column":4},"end":{"line":627,"column":null}},{"start":{"line":625,"column":4},"end":{"line":627,"column":null}}]},"38":{"loc":{"start":{"line":705,"column":4},"end":{"line":707,"column":null}},"type":"if","locations":[{"start":{"line":705,"column":4},"end":{"line":707,"column":null}},{"start":{"line":705,"column":4},"end":{"line":707,"column":null}}]},"39":{"loc":{"start":{"line":706,"column":18},"end":{"line":706,"column":30}},"type":"binary-expr","locations":[{"start":{"line":706,"column":18},"end":{"line":706,"column":30}},{"start":{"line":706,"column":34},"end":{"line":706,"column":43}}]},"40":{"loc":{"start":{"line":768,"column":4},"end":{"line":770,"column":null}},"type":"if","locations":[{"start":{"line":768,"column":4},"end":{"line":770,"column":null}},{"start":{"line":768,"column":4},"end":{"line":770,"column":null}}]},"41":{"loc":{"start":{"line":772,"column":4},"end":{"line":774,"column":null}},"type":"if","locations":[{"start":{"line":772,"column":4},"end":{"line":774,"column":null}},{"start":{"line":772,"column":4},"end":{"line":774,"column":null}}]},"42":{"loc":{"start":{"line":777,"column":4},"end":{"line":782,"column":null}},"type":"if","locations":[{"start":{"line":777,"column":4},"end":{"line":782,"column":null}},{"start":{"line":777,"column":4},"end":{"line":782,"column":null}}]},"43":{"loc":{"start":{"line":781,"column":17},"end":{"line":781,"column":31}},"type":"cond-expr","locations":[{"start":{"line":781,"column":17},"end":{"line":781,"column":31}},{"start":{"line":781,"column":34},"end":{"line":781,"column":43}}]},"44":{"loc":{"start":{"line":827,"column":11},"end":{"line":827,"column":27}},"type":"binary-expr","locations":[{"start":{"line":827,"column":11},"end":{"line":827,"column":27}},{"start":{"line":827,"column":31},"end":{"line":827,"column":46}}]},"45":{"loc":{"start":{"line":851,"column":4},"end":{"line":853,"column":null}},"type":"if","locations":[{"start":{"line":851,"column":4},"end":{"line":853,"column":null}},{"start":{"line":851,"column":4},"end":{"line":853,"column":null}}]},"46":{"loc":{"start":{"line":852,"column":13},"end":{"line":852,"column":40}},"type":"binary-expr","locations":[{"start":{"line":852,"column":13},"end":{"line":852,"column":40}},{"start":{"line":852,"column":44},"end":{"line":852,"column":48}}]},"47":{"loc":{"start":{"line":912,"column":8},"end":{"line":912,"column":35}},"type":"binary-expr","locations":[{"start":{"line":912,"column":8},"end":{"line":912,"column":35}},{"start":{"line":912,"column":39},"end":{"line":912,"column":76}}]},"48":{"loc":{"start":{"line":965,"column":6},"end":{"line":969,"column":null}},"type":"if","locations":[{"start":{"line":965,"column":6},"end":{"line":969,"column":null}},{"start":{"line":965,"column":6},"end":{"line":969,"column":null}}]},"49":{"loc":{"start":{"line":971,"column":33},"end":{"line":971,"column":50}},"type":"cond-expr","locations":[{"start":{"line":971,"column":33},"end":{"line":971,"column":50}},{"start":{"line":971,"column":53},"end":{"line":971,"column":58}}]},"50":{"loc":{"start":{"line":993,"column":4},"end":{"line":995,"column":null}},"type":"if","locations":[{"start":{"line":993,"column":4},"end":{"line":995,"column":null}},{"start":{"line":993,"column":4},"end":{"line":995,"column":null}}]},"51":{"loc":{"start":{"line":1038,"column":4},"end":{"line":1059,"column":null}},"type":"if","locations":[{"start":{"line":1038,"column":4},"end":{"line":1059,"column":null}},{"start":{"line":1038,"column":4},"end":{"line":1059,"column":null}}]},"52":{"loc":{"start":{"line":1038,"column":8},"end":{"line":1038,"column":30}},"type":"binary-expr","locations":[{"start":{"line":1038,"column":8},"end":{"line":1038,"column":30}},{"start":{"line":1038,"column":34},"end":{"line":1038,"column":51}}]},"53":{"loc":{"start":{"line":1042,"column":11},"end":{"line":1059,"column":null}},"type":"if","locations":[{"start":{"line":1042,"column":11},"end":{"line":1059,"column":null}},{"start":{"line":1042,"column":11},"end":{"line":1059,"column":null}}]},"54":{"loc":{"start":{"line":1047,"column":6},"end":{"line":1050,"column":null}},"type":"if","locations":[{"start":{"line":1047,"column":6},"end":{"line":1050,"column":null}},{"start":{"line":1047,"column":6},"end":{"line":1050,"column":null}}]},"55":{"loc":{"start":{"line":1097,"column":4},"end":{"line":1099,"column":null}},"type":"if","locations":[{"start":{"line":1097,"column":4},"end":{"line":1099,"column":null}},{"start":{"line":1097,"column":4},"end":{"line":1099,"column":null}}]},"56":{"loc":{"start":{"line":1138,"column":4},"end":{"line":1140,"column":null}},"type":"if","locations":[{"start":{"line":1138,"column":4},"end":{"line":1140,"column":null}},{"start":{"line":1138,"column":4},"end":{"line":1140,"column":null}}]},"57":{"loc":{"start":{"line":1181,"column":30},"end":{"line":1181,"column":32}},"type":"default-arg","locations":[{"start":{"line":1181,"column":30},"end":{"line":1181,"column":32}}]},"58":{"loc":{"start":{"line":1182,"column":33},"end":{"line":1182,"column":35}},"type":"default-arg","locations":[{"start":{"line":1182,"column":33},"end":{"line":1182,"column":35}}]}},"s":{"0":61,"1":61,"2":61,"3":61,"4":210,"5":210,"6":210,"7":210,"8":210,"9":210,"10":14,"11":247,"12":0,"13":0,"14":247,"15":0,"16":247,"17":247,"18":246,"19":33,"20":33,"21":63,"22":63,"23":1057,"24":250,"25":427,"26":427,"27":807,"28":247,"29":560,"30":559,"31":1,"32":558,"33":558,"34":558,"35":1,"36":2,"37":1,"38":1,"39":1,"40":2,"41":2,"42":2,"43":2,"44":1,"45":33,"46":39,"47":1,"48":1,"49":2,"50":2,"51":1,"52":3,"53":5,"54":4,"55":1,"56":4,"57":1,"58":17,"59":7,"60":10,"61":1,"62":9,"63":1,"64":3,"65":3,"66":8,"67":6,"68":19,"69":5,"70":4,"71":1,"72":3,"73":3,"74":4,"75":4,"76":20,"77":10,"78":10,"79":20,"80":9,"81":20,"82":4,"83":5,"84":5,"85":7,"86":2,"87":3,"88":3,"89":28,"90":20,"91":2,"92":1,"93":1,"94":1,"95":1,"96":3,"97":1,"98":2,"99":1,"100":1,"101":2,"102":13,"103":2,"104":5,"105":5,"106":5,"107":1,"108":4,"109":19,"110":31,"111":19,"112":15,"113":4,"114":4,"115":4,"116":3,"117":4,"118":15,"119":7,"120":1,"121":5,"122":4,"123":20,"124":4,"125":5,"126":4,"127":1,"128":4,"129":1,"130":1,"131":1,"132":6,"133":2,"134":4,"135":1,"136":7,"137":28,"138":6,"139":5,"140":1,"141":4,"142":4,"143":2,"144":2,"145":4,"146":1,"147":4,"148":41,"149":2,"150":39,"151":7,"152":16,"153":16,"154":32,"155":7,"156":9,"157":7,"158":25,"159":22,"160":8,"161":5,"162":5,"163":0,"164":0,"165":5,"166":4,"167":1,"168":5,"169":20,"170":20,"171":20,"172":20,"173":5,"174":1,"175":2,"176":2,"177":6,"178":34,"179":34,"180":34,"181":6,"182":3,"183":3,"184":3,"185":2,"186":2,"187":2,"188":2,"189":4,"190":2,"191":7,"192":7,"193":15,"194":3,"195":12,"196":15,"197":7,"198":0,"199":0,"200":4,"201":1,"202":3,"203":0,"204":24,"205":24,"206":24,"207":24,"208":3,"209":12,"210":21,"211":1,"212":4,"213":20,"214":3,"215":3,"216":20,"217":80,"218":24,"219":7,"220":36,"221":36,"222":558,"223":558,"224":29,"225":4,"226":25,"227":33,"228":36,"229":588,"230":558,"231":31,"232":2,"233":29,"234":29,"235":29,"236":29,"237":22,"238":7,"239":7,"240":7,"241":7,"242":72,"243":247,"244":210,"245":210,"246":61},"f":{"0":210,"1":14,"2":247,"3":0,"4":33,"5":63,"6":1057,"7":427,"8":427,"9":1,"10":2,"11":1,"12":33,"13":39,"14":1,"15":2,"16":1,"17":3,"18":5,"19":4,"20":17,"21":3,"22":3,"23":19,"24":5,"25":3,"26":4,"27":20,"28":5,"29":3,"30":28,"31":20,"32":2,"33":1,"34":1,"35":3,"36":2,"37":2,"38":13,"39":5,"40":19,"41":31,"42":15,"43":7,"44":1,"45":5,"46":4,"47":20,"48":5,"49":4,"50":1,"51":6,"52":7,"53":28,"54":6,"55":4,"56":4,"57":41,"58":16,"59":16,"60":9,"61":8,"62":0,"63":5,"64":5,"65":1,"66":2,"67":6,"68":34,"69":3,"70":2,"71":7,"72":0,"73":4,"74":0,"75":24,"76":12,"77":4,"78":80,"79":7,"80":36,"81":558,"82":29,"83":33,"84":36,"85":588,"86":558,"87":31,"88":22,"89":7,"90":7,"91":72,"92":247,"93":210,"94":210},"b":{"0":[46],"1":[64],"2":[210,0],"3":[0,247],"4":[0,247],"5":[247,6],"6":[250,807],"7":[247,560],"8":[1,558],"9":[4,1],"10":[5,3],"11":[4,4],"12":[7,10],"13":[7,1],"14":[1,9],"15":[1,1,0],"16":[1,8],"17":[8,8],"18":[4,1],"19":[10,10],"20":[10,0],"21":[10,10],"22":[9,1],"23":[10,9],"24":[9,11],"25":[2,5],"26":[1,1],"27":[1,1],"28":[1,4],"29":[15,4],"30":[3,1],"31":[4,1],"32":[5,3],"33":[4,4],"34":[2,4],"35":[5,1],"36":[5,0],"37":[2,2],"38":[1,3],"39":[1,0],"4
[...]
,"/home/joaopedro/PhpstormProjects/eloqjs/eloqjs/packages/core/src/model/Serialize.ts": {"path":"/home/joaopedro/PhpstormProjects/eloqjs/eloqjs/packages/core/src/model/Serialize.ts","statementMap":{"0":{"start":{"line":2,"column":0},"end":{"line":2,"column":74}},"1":{"start":{"line":24,"column":13},"end":{"line":28,"column":null}},"2":{"start":{"line":34,"column":2},"end":{"line":36,"column":null}},"3":{"start":{"line":35,"column":4},"end":{"line":35,"column":null}},"4":{"start":{"line":38,"column":2},"end":{"line":40,"column":null}},"5":{"start":{"line":39,"column":4},"end":{"line":39,"column":null}},"6":{"start":{"line":42,"column":2},"end":{"line":44,"column":null}},"7":{"start":{"line":43,"column":4},"end":{"line":43,"column":null}},"8":{"start":{"line":46,"column":2},"end":{"line":46,"column":null}},"9":{"start":{"line":33,"column":0},"end":{"line":33,"column":16}},"10":{"start":{"line":53,"column":2},"end":{"line":53,"column":null}},"11":{"start":{"line":53,"column":22},"end":{"line":53,"column":30}},"12":{"start":{"line":52,"column":0},"end":{"line":52,"column":16}},"13":{"start":{"line":60,"column":14},"end":{"line":60,"column":16}},"14":{"start":{"line":62,"column":2},"end":{"line":64,"column":null}},"15":{"start":{"line":63,"column":4},"end":{"line":63,"column":null}},"16":{"start":{"line":66,"column":2},"end":{"line":66,"column":null}},"17":{"start":{"line":59,"column":0},"end":{"line":59,"column":16}},"18":{"start":{"line":76,"column":2},"end":{"line":78,"column":null}},"19":{"start":{"line":77,"column":4},"end":{"line":77,"column":null}},"20":{"start":{"line":81,"column":4},"end":{"line":85,"column":null}},"21":{"start":{"line":82,"column":6},"end":{"line":84,"column":null}},"22":{"start":{"line":87,"column":4},"end":{"line":87,"column":null}},"23":{"start":{"line":90,"column":2},"end":{"line":92,"column":null}},"24":{"start":{"line":91,"column":4},"end":{"line":91,"column":null}},"25":{"start":{"line":91,"column":42},"end":{"line":91,"column":56}},"26":{"start":{"line":94,"column":2},"end":{"line":94,"column":null}},"27":{"start":{"line":72,"column":0},"end":{"line":72,"column":16}},"28":{"start":{"line":101,"column":2},"end":{"line":101,"column":null}},"29":{"start":{"line":100,"column":0},"end":{"line":100,"column":16}}},"fnMap":{"0":{"name":"value","decl":{"start":{"line":33,"column":16},"end":{"line":33,"column":21}},"loc":{"start":{"line":33,"column":32},"end":{"line":47,"column":1}}},"1":{"name":"array","decl":{"start":{"line":52,"column":16},"end":{"line":52,"column":21}},"loc":{"start":{"line":52,"column":34},"end":{"line":54,"column":1}}},"2":{"name":"(anonymous_2)","decl":{"start":{"line":53,"column":15},"end":{"line":53,"column":16}},"loc":{"start":{"line":53,"column":22},"end":{"line":53,"column":30}}},"3":{"name":"object","decl":{"start":{"line":59,"column":16},"end":{"line":59,"column":22}},"loc":{"start":{"line":59,"column":49},"end":{"line":67,"column":1}}},"4":{"name":"relation","decl":{"start":{"line":72,"column":16},"end":{"line":72,"column":24}},"loc":{"start":{"line":74,"column":28},"end":{"line":95,"column":1}}},"5":{"name":"resolve","decl":{"start":{"line":80,"column":11},"end":{"line":80,"column":18}},"loc":{"start":{"line":80,"column":31},"end":{"line":88,"column":3}}},"6":{"name":"(anonymous_6)","decl":{"start":{"line":91,"column":31},"end":{"line":91,"column":32}},"loc":{"start":{"line":91,"column":42},"end":{"line":91,"column":56}}},"7":{"name":"emptyRelation","decl":{"start":{"line":100,"column":16},"end":{"line":100,"column":29}},"loc":{"start":{"line":100,"column":57},"end":{"line":102,"column":1}}}},"branchMap":{"0":{"loc":{"start":{"line":34,"column":2},"end":{"line":36,"column":null}},"type":"if","locations":[{"start":{"line":34,"column":2},"end":{"line":36,"column":null}},{"start":{"line":34,"column":2},"end":{"line":36,"column":null}}]},"1":{"loc":{"start":{"line":38,"column":2},"end":{"line":40,"column":null}},"type":"if","locations":[{"start":{"line":38,"column":2},"end":{"line":40,"column":null}},{"start":{"line":38,"column":2},"end":{"line":40,"column":null}}]},"2":{"loc":{"start":{"line":42,"column":2},"end":{"line":44,"column":null}},"type":"if","locations":[{"start":{"line":42,"column":2},"end":{"line":44,"column":null}},{"start":{"line":42,"column":2},"end":{"line":44,"column":null}}]},"3":{"loc":{"start":{"line":74,"column":23},"end":{"line":74,"column":28}},"type":"default-arg","locations":[{"start":{"line":74,"column":23},"end":{"line":74,"column":28}}]},"4":{"loc":{"start":{"line":76,"column":2},"end":{"line":78,"column":null}},"type":"if","locations":[{"start":{"line":76,"column":2},"end":{"line":78,"column":null}},{"start":{"line":76,"column":2},"end":{"line":78,"column":null}}]},"5":{"loc":{"start":{"line":81,"column":4},"end":{"line":85,"column":null}},"type":"if","locations":[{"start":{"line":81,"column":4},"end":{"line":85,"column":null}},{"start":{"line":81,"column":4},"end":{"line":85,"column":null}}]},"6":{"loc":{"start":{"line":90,"column":2},"end":{"line":92,"column":null}},"type":"if","locations":[{"start":{"line":90,"column":2},"end":{"line":92,"column":null}},{"start":{"line":90,"column":2},"end":{"line":92,"column":null}}]},"7":{"loc":{"start":{"line":101,"column":29},"end":{"line":101,"column":31}},"type":"cond-expr","locations":[{"start":{"line":101,"column":29},"end":{"line":101,"column":31}},{"start":{"line":101,"column":34},"end":{"line":101,"column":38}}]}},"s":{"0":61,"1":61,"2":389,"3":34,"4":355,"5":1,"6":354,"7":0,"8":354,"9":61,"10":1,"11":2,"12":61,"13":0,"14":0,"15":0,"16":0,"17":61,"18":9,"19":3,"20":6,"21":0,"22":6,"23":6,"24":4,"25":4,"26":2,"27":61,"28":0,"29":61},"f":{"0":389,"1":1,"2":2,"3":0,"4":9,"5":6,"6":4,"7":0},"b":{"0":[34,355],"1":[1,354],"2":[0,354],"3":[0],"4":[3,6],"5":[0,6],"6":[4,2],"7":[0,0]}}
,"/home/joaopedro/PhpstormProjects/eloqjs/eloqjs/packages/core/src/plugins/use.ts": {"path":"/home/joaopedro/PhpstormProjects/eloqjs/eloqjs/packages/core/src/plugins/use.ts","statementMap":{"0":{"start":{"line":1,"column":0},"end":{"line":1,"column":43}},"1":{"start":{"line":2,"column":0},"end":{"line":2,"column":38}},"2":{"start":{"line":3,"column":0},"end":{"line":3,"column":41}},"3":{"start":{"line":20,"column":39},"end":{"line":24,"column":null}},"4":{"start":{"line":26,"column":2},"end":{"line":26,"column":null}},"5":{"start":{"line":19,"column":0},"end":{"line":19,"column":16}}},"fnMap":{"0":{"name":"use","decl":{"start":{"line":19,"column":16},"end":{"line":19,"column":19}},"loc":{"start":{"line":19,"column":57},"end":{"line":27,"column":1}}}},"branchMap":{"0":{"loc":{"start":{"line":19,"column":55},"end":{"line":19,"column":57}},"type":"default-arg","locations":[{"start":{"line":19,"column":55},"end":{"line":19,"column":57}}]}},"s":{"0":61,"1":61,"2":61,"3":0,"4":0,"5":61},"f":{"0":0},"b":{"0":[0]}}
,"/home/joaopedro/PhpstormProjects/eloqjs/eloqjs/packages/core/src/relations/Relation.ts": {"path":"/home/joaopedro/PhpstormProjects/eloqjs/eloqjs/packages/core/src/relations/Relation.ts","statementMap":{"0":{"start":{"line":31,"column":4},"end":{"line":31,"column":null}},"1":{"start":{"line":32,"column":4},"end":{"line":32,"column":null}},"2":{"start":{"line":33,"column":4},"end":{"line":33,"column":null}},"3":{"start":{"line":34,"column":4},"end":{"line":34,"column":null}},"4":{"start":{"line":35,"column":4},"end":{"line":35,"column":null}},"5":{"start":{"line":5,"column":0},"end":{"line":5,"column":13}}},"fnMap":{"0":{"name":"(anonymous_0)","decl":{"start":{"line":24,"column":2},"end":{"line":24,"column":null}},"loc":{"start":{"line":29,"column":20},"end":{"line":36,"column":3}}}},"branchMap":{},"s":{"0":12,"1":12,"2":12,"3":12,"4":12,"5":61},"f":{"0":12},"b":{}}
,"/home/joaopedro/PhpstormProjects/eloqjs/eloqjs/packages/core/src/relations/index.ts": {"path":"/home/joaopedro/PhpstormProjects/eloqjs/eloqjs/packages/core/src/relations/index.ts","statementMap":{"0":{"start":{"line":3,"column":0},"end":{"line":3,"column":9}},"1":{"start":{"line":3,"column":9},"end":{"line":3,"column":37}}},"fnMap":{"0":{"name":"(anonymous_0)","decl":{"start":{"line":3,"column":9},"end":{"line":3,"column":17}},"loc":{"start":{"line":3,"column":9},"end":{"line":3,"column":37}}}},"branchMap":{},"s":{"0":61,"1":73},"f":{"0":12},"b":{}}
,"/home/joaopedro/PhpstormProjects/eloqjs/eloqjs/packages/core/src/support/AttrMap.ts": {"path":"/home/joaopedro/PhpstormProjects/eloqjs/eloqjs/packages/core/src/support/AttrMap.ts","statementMap":{"0":{"start":{"line":1,"column":0},"end":{"line":1,"column":27}},"1":{"start":{"line":2,"column":0},"end":{"line":2,"column":45}},"2":{"start":{"line":5,"column":12},"end":{"line":5,"column":null}},"3":{"start":{"line":6,"column":12},"end":{"line":6,"column":null}},"4":{"start":{"line":9,"column":4},"end":{"line":9,"column":null}},"5":{"start":{"line":10,"column":4},"end":{"line":10,"column":null}},"6":{"start":{"line":14,"column":4},"end":{"line":14,"column":null}},"7":{"start":{"line":18,"column":4},"end":{"line":18,"column":null}},"8":{"start":{"line":25,"column":4},"end":{"line":28,"column":null}},"9":{"start":{"line":26,"column":6},"end":{"line":26,"column":null}},"10":{"start":{"line":27,"column":6},"end":{"line":27,"column":12}},"11":{"start":{"line":30,"column":4},"end":{"line":30,"column":null}},"12":{"start":{"line":32,"column":4},"end":{"line":34,"column":null}},"13":{"start":{"line":33,"column":6},"end":{"line":33,"column":null}},"14":{"start":{"line":41,"column":4},"end":{"line":41,"column":null}},"15":{"start":{"line":48,"column":4},"end":{"line":51,"column":null}},"16":{"start":{"line":49,"column":6},"end":{"line":49,"column":null}},"17":{"start":{"line":50,"column":6},"end":{"line":50,"column":12}},"18":{"start":{"line":53,"column":4},"end":{"line":53,"column":null}},"19":{"start":{"line":55,"column":4},"end":{"line":57,"column":null}},"20":{"start":{"line":56,"column":6},"end":{"line":56,"column":null}},"21":{"start":{"line":64,"column":4},"end":{"line":64,"column":null}},"22":{"start":{"line":71,"column":4},"end":{"line":71,"column":null}},"23":{"start":{"line":78,"column":4},"end":{"line":78,"column":null}},"24":{"start":{"line":85,"column":37},"end":{"line":85,"column":39}},"25":{"start":{"line":87,"column":4},"end":{"line":91,"column":null}},"26":{"start":{"line":88,"column":6},"end":{"line":90,"column":null}},"27":{"start":{"line":89,"column":8},"end":{"line":89,"column":null}},"28":{"start":{"line":93,"column":4},"end":{"line":93,"column":null}},"29":{"start":{"line":102,"column":4},"end":{"line":102,"column":null}},"30":{"start":{"line":115,"column":4},"end":{"line":117,"column":null}},"31":{"start":{"line":116,"column":6},"end":{"line":116,"column":null}},"32":{"start":{"line":122,"column":4},"end":{"line":126,"column":null}},"33":{"start":{"line":123,"column":6},"end":{"line":125,"column":null}},"34":{"start":{"line":124,"column":8},"end":{"line":124,"column":null}},"35":{"start":{"line":128,"column":4},"end":{"line":128,"column":null}},"36":{"start":{"line":132,"column":4},"end":{"line":134,"column":null}},"37":{"start":{"line":133,"column":6},"end":{"line":133,"column":null}},"38":{"start":{"line":4,"column":0},"end":{"line":4,"column":13}}},"fnMap":{"0":{"name":"(anonymous_0)","decl":{"start":{"line":4,"column":0},"end":{"line":4,"column":13}},"loc":{"start":{"line":4,"column":0},"end":{"line":136,"column":1}}},"1":{"name":"(anonymous_1)","decl":{"start":{"line":8,"column":9},"end":{"line":8,"column":12}},"loc":{"start":{"line":8,"column":34},"end":{"line":11,"column":3}}},"2":{"name":"(anonymous_2)","decl":{"start":{"line":13,"column":9},"end":{"line":13,"column":13}},"loc":{"start":{"line":13,"column":25},"end":{"line":15,"column":3}}},"3":{"name":"(anonymous_3)","decl":{"start":{"line":17,"column":9},"end":{"line":17,"column":17}},"loc":{"start":{"line":17,"column":17},"end":{"line":19,"column":3}}},"4":{"name":"(anonymous_4)","decl":{"start":{"line":24,"column":9},"end":{"line":24,"column":22}},"loc":{"start":{"line":24,"column":53},"end":{"line":35,"column":3}}},"5":{"name":"(anonymous_5)","decl":{"start":{"line":40,"column":9},"end":{"line":40,"column":20}},"loc":{"start":{"line":40,"column":20},"end":{"line":42,"column":3}}},"6":{"name":"(anonymous_6)","decl":{"start":{"line":47,"column":9},"end":{"line":47,"column":14}},"loc":{"start":{"line":47,"column":45},"end":{"line":58,"column":3}}},"7":{"name":"(anonymous_7)","decl":{"start":{"line":63,"column":9},"end":{"line":63,"column":16}},"loc":{"start":{"line":63,"column":47},"end":{"line":65,"column":3}}},"8":{"name":"(anonymous_8)","decl":{"start":{"line":70,"column":9},"end":{"line":70,"column":16}},"loc":{"start":{"line":70,"column":47},"end":{"line":72,"column":3}}},"9":{"name":"(anonymous_9)","decl":{"start":{"line":77,"column":9},"end":{"line":77,"column":19}},"loc":{"start":{"line":77,"column":50},"end":{"line":79,"column":3}}},"10":{"name":"(anonymous_10)","decl":{"start":{"line":84,"column":9},"end":{"line":84,"column":17}},"loc":{"start":{"line":84,"column":17},"end":{"line":94,"column":3}}},"11":{"name":"(anonymous_11)","decl":{"start":{"line":101,"column":9},"end":{"line":101,"column":19}},"loc":{"start":{"line":101,"column":19},"end":{"line":103,"column":3}}},"12":{"name":"(anonymous_12)","decl":{"start":{"line":108,"column":12},"end":{"line":108,"column":22}},"loc":{"start":{"line":110,"column":29},"end":{"line":129,"column":3}}},"13":{"name":"(anonymous_13)","decl":{"start":{"line":131,"column":10},"end":{"line":131,"column":23}},"loc":{"start":{"line":131,"column":45},"end":{"line":135,"column":3}}}},"branchMap":{"0":{"loc":{"start":{"line":25,"column":4},"end":{"line":28,"column":null}},"type":"if","locations":[{"start":{"line":25,"column":4},"end":{"line":28,"column":null}},{"start":{"line":25,"column":4},"end":{"line":28,"column":null}}]},"1":{"loc":{"start":{"line":48,"column":4},"end":{"line":51,"column":null}},"type":"if","locations":[{"start":{"line":48,"column":4},"end":{"line":51,"column":null}},{"start":{"line":48,"column":4},"end":{"line":51,"column":null}}]},"2":{"loc":{"start":{"line":64,"column":55},"end":{"line":64,"column":65}},"type":"binary-expr","locations":[{"start":{"line":64,"column":55},"end":{"line":64,"column":65}},{"start":{"line":64,"column":69},"end":{"line":64,"column":71}}]},"3":{"loc":{"start":{"line":78,"column":57},"end":{"line":78,"column":67}},"type":"binary-expr","locations":[{"start":{"line":78,"column":57},"end":{"line":78,"column":67}},{"start":{"line":78,"column":71},"end":{"line":78,"column":73}}]},"4":{"loc":{"start":{"line":88,"column":6},"end":{"line":90,"column":null}},"type":"if","locations":[{"start":{"line":88,"column":6},"end":{"line":90,"column":null}},{"start":{"line":88,"column":6},"end":{"line":90,"column":null}}]},"5":{"loc":{"start":{"line":110,"column":27},"end":{"line":110,"column":29}},"type":"default-arg","locations":[{"start":{"line":110,"column":27},"end":{"line":110,"column":29}}]},"6":{"loc":{"start":{"line":115,"column":4},"end":{"line":117,"column":null}},"type":"if","locations":[{"start":{"line":115,"column":4},"end":{"line":117,"column":null}},{"start":{"line":115,"column":4},"end":{"line":117,"column":null}}]},"7":{"loc":{"start":{"line":123,"column":6},"end":{"line":125,"column":null}},"type":"if","locations":[{"start":{"line":123,"column":6},"end":{"line":125,"column":null}},{"start":{"line":123,"column":6},"end":{"line":125,"column":null}}]},"8":{"loc":{"start":{"line":132,"column":4},"end":{"line":134,"column":null}},"type":"if","locations":[{"start":{"line":132,"column":4},"end":{"line":134,"column":null}},{"start":{"line":132,"column":4},"end":{"line":134,"column":null}}]}},"s":{"0":61,"1":61,"2":962,"3":962,"4":1188,"5":1188,"6":0,"7":0,"8":0,"9":0,"10":0,"11":0,"12":0,"13":0,"14":0,"15":0,"16":0,"17":0,"18":0,"19":0,"20":0,"21":0,"22":0,"23":0,"24":0,"25":0,"26":0,"27":0,"28":0,"29":0,"30":0,"31":0,"32":0,"33":0,"34":0,"35":0,"36":1188,"37":1188,"38":61},"f":{"0":962,"1":1188,"2":0,"3":0,"4":0,"5":0,"6":0,"7":0,"8":0,"9":0,"10":0,"11":0,"12":0,"13":1188},"b":{"0":[0,0],"1":[0,0],"2":[0,0],"3":[0,0],"4":[0,0],"5":[0],"6":[0,0],"7":[0,0],"8":[1188,0]}}
,"/home/joaopedro/PhpstormProjects/eloqjs/eloqjs/packages/core/src/support/Map.ts": {"path":"/home/joaopedro/PhpstormProjects/eloqjs/eloqjs/packages/core/src/support/Map.ts","statementMap":{"0":{"start":{"line":2,"column":12},"end":{"line":2,"column":null}},"1":{"start":{"line":5,"column":4},"end":{"line":5,"column":null}},"2":{"start":{"line":9,"column":4},"end":{"line":9,"column":null}},"3":{"start":{"line":13,"column":4},"end":{"line":13,"column":null}},"4":{"start":{"line":17,"column":4},"end":{"line":17,"column":null}},"5":{"start":{"line":1,"column":0},"end":{"line":1,"column":13}}},"fnMap":{"0":{"name":"(anonymous_0)","decl":{"start":{"line":1,"column":0},"end":{"line":1,"column":13}},"loc":{"start":{"line":1,"column":0},"end":{"line":19,"column":1}}},"1":{"name":"(anonymous_1)","decl":{"start":{"line":4,"column":9},"end":{"line":4,"column":12}},"loc":{"start":{"line":4,"column":24},"end":{"line":6,"column":3}}},"2":{"name":"(anonymous_2)","decl":{"start":{"line":8,"column":9},"end":{"line":8,"column":12}},"loc":{"start":{"line":8,"column":34},"end":{"line":10,"column":3}}},"3":{"name":"(anonymous_3)","decl":{"start":{"line":12,"column":9},"end":{"line":12,"column":15}},"loc":{"start":{"line":12,"column":27},"end":{"line":14,"column":3}}},"4":{"name":"(anonymous_4)","decl":{"start":{"line":16,"column":9},"end":{"line":16,"column":16}},"loc":{"start":{"line":16,"column":16},"end":{"line":18,"column":3}}}},"branchMap":{},"s":{"0":1924,"1":2320,"2":4163,"3":42,"4":28,"5":61},"f":{"0":1924,"1":2320,"2":4163,"3":42,"4":28},"b":{}}
,"/home/joaopedro/PhpstormProjects/eloqjs/eloqjs/packages/core/src/support/Uid.ts": {"path":"/home/joaopedro/PhpstormProjects/eloqjs/eloqjs/packages/core/src/support/Uid.ts","statementMap":{"0":{"start":{"line":22,"column":4},"end":{"line":22,"column":null}},"1":{"start":{"line":24,"column":4},"end":{"line":24,"column":null}},"2":{"start":{"line":31,"column":4},"end":{"line":31,"column":null}},"3":{"start":{"line":3,"column":0},"end":{"line":3,"column":13}},"4":{"start":{"line":7,"column":17},"end":{"line":11,"column":null}},"5":{"start":{"line":16,"column":17},"end":{"line":16,"column":null}}},"fnMap":{"0":{"name":"(anonymous_0)","decl":{"start":{"line":21,"column":9},"end":{"line":21,"column":15}},"loc":{"start":{"line":21,"column":58},"end":{"line":25,"column":3}}},"1":{"name":"(anonymous_1)","decl":{"start":{"line":30,"column":9},"end":{"line":30,"column":15}},"loc":{"start":{"line":30,"column":50},"end":{"line":32,"column":3}}}},"branchMap":{"0":{"loc":{"start":{"line":21,"column":47},"end":{"line":21,"column":58}},"type":"default-arg","locations":[{"start":{"line":21,"column":47},"end":{"line":21,"column":58}}]},"1":{"loc":{"start":{"line":30,"column":42},"end":{"line":30,"column":50}},"type":"default-arg","locations":[{"start":{"line":30,"column":42},"end":{"line":30,"column":50}}]}},"s":{"0":697,"1":697,"2":3,"3":61,"4":61,"5":61},"f":{"0":697,"1":3},"b":{"0":[6],"1":[3]}}
}
