TN:
SF:src/attributes/Attribute.ts
FN:18,(anonymous_0)
FNF:1
FNH:1
FNDA:462,(anonymous_0)
DA:4,61
DA:19,462
LF:2
LH:2
BRF:0
BRH:0
end_of_record
TN:
SF:src/attributes/index.ts
FN:1,(anonymous_0)
FN:3,(anonymous_1)
FN:4,(anonymous_2)
FN:5,(anonymous_3)
FN:6,(anonymous_4)
FN:7,(anonymous_5)
FN:8,(anonymous_6)
FN:9,(anonymous_7)
FN:10,(anonymous_8)
FN:11,(anonymous_9)
FNF:10
FNH:10
FNDA:61,(anonymous_0)
FNDA:67,(anonymous_1)
FNDA:67,(anonymous_2)
FNDA:82,(anonymous_3)
FNDA:256,(anonymous_4)
FNDA:66,(anonymous_5)
FNDA:110,(anonymous_6)
FNDA:256,(anonymous_7)
FNDA:1645,(anonymous_8)
FNDA:6,(anonymous_9)
DA:1,122
DA:3,128
DA:4,128
DA:5,143
DA:6,317
DA:7,127
DA:8,171
DA:9,317
DA:10,1706
DA:11,67
LF:10
LH:10
BRF:0
BRH:0
end_of_record
TN:
SF:src/attributes/relations/HasMany.ts
FN:9,(anonymous_0)
FN:16,(anonymous_1)
FN:25,(anonymous_2)
FN:30,(anonymous_3)
FNF:4
FNH:4
FNDA:6,(anonymous_0)
FNDA:6,(anonymous_1)
FNDA:6,(anonymous_2)
FNDA:6,(anonymous_3)
DA:1,61
DA:3,61
DA:4,61
DA:6,61
DA:8,61
DA:10,6
DA:18,6
DA:20,6
DA:22,6
DA:27,6
DA:31,6
DA:35,6
DA:37,6
DA:39,6
DA:42,6
LF:15
LH:15
BRDA:27,0,0,5
BRDA:27,0,1,1
BRDA:37,1,0,0
BRDA:37,1,1,6
BRF:4
BRH:3
end_of_record
TN:
SF:src/attributes/relations/HasOne.ts
FN:7,(anonymous_0)
FN:14,(anonymous_1)
FN:20,(anonymous_2)
FNF:3
FNH:3
FNDA:6,(anonymous_0)
FNDA:6,(anonymous_1)
FNDA:6,(anonymous_2)
DA:2,61
DA:4,61
DA:6,61
DA:8,6
DA:15,6
DA:17,6
DA:21,6
LF:7
LH:7
BRDA:21,0,0,3
BRDA:21,0,1,3
BRF:2
BRH:2
end_of_record
TN:
SF:src/attributes/relations/Relation.ts
FN:12,(anonymous_0)
FNF:1
FNH:1
FNDA:12,(anonymous_0)
DA:4,61
DA:6,61
DA:13,12
DA:15,12
LF:4
LH:4
BRF:0
BRH:0
end_of_record
TN:
SF:src/attributes/types/Attr.ts
FN:11,(anonymous_0)
FN:23,(anonymous_1)
FNF:2
FNH:2
FNDA:195,(anonymous_0)
FNDA:282,(anonymous_1)
DA:2,61
DA:5,61
DA:7,61
DA:16,195
DA:29,282
DA:32,282
DA:34,282
DA:35,2
DA:38,282
DA:39,189
DA:42,93
LF:11
LH:11
BRDA:27,0,0,93
BRDA:29,1,0,93
BRDA:29,1,1,189
BRDA:34,2,0,2
BRDA:34,2,1,280
BRDA:38,3,0,189
BRDA:38,3,1,93
BRF:7
BRH:7
end_of_record
TN:
SF:src/attributes/types/Boolean.ts
FN:17,(anonymous_0)
FN:28,(anonymous_1)
FN:46,(anonymous_2)
FNF:3
FNH:3
FNDA:5,(anonymous_0)
FNDA:45,(anonymous_1)
FNDA:45,(anonymous_2)
DA:2,61
DA:11,61
DA:13,61
DA:22,5
DA:34,45
DA:36,45
DA:37,5
DA:40,40
DA:47,45
DA:48,5
DA:51,40
DA:52,10
DA:55,30
DA:56,15
DA:57,5
DA:60,10
DA:62,10
DA:65,15
DA:66,10
DA:69,5
DA:70,1
DA:73,4
LF:22
LH:22
BRDA:32,0,0,40
BRDA:36,1,0,5
BRDA:36,1,1,40
BRDA:47,2,0,5
BRDA:47,2,1,40
BRDA:51,3,0,10
BRDA:51,3,1,30
BRDA:55,4,0,15
BRDA:55,4,1,15
BRDA:56,5,0,5
BRDA:56,5,1,10
BRDA:62,6,0,5
BRDA:62,6,1,5
BRDA:65,7,0,10
BRDA:65,7,1,5
BRDA:69,8,0,1
BRDA:69,8,1,4
BRDA:69,9,0,5
BRDA:69,9,1,5
BRF:19
BRH:19
end_of_record
TN:
SF:src/attributes/types/Number.ts
FN:17,(anonymous_0)
FN:28,(anonymous_1)
FN:46,(anonymous_2)
FNF:3
FNH:3
FNDA:49,(anonymous_0)
FNDA:188,(anonymous_1)
FNDA:188,(anonymous_2)
DA:2,61
DA:11,61
DA:13,61
DA:22,49
DA:34,188
DA:36,188
DA:37,8
DA:40,180
DA:47,188
DA:48,8
DA:51,180
DA:52,144
DA:55,36
DA:56,17
DA:59,19
DA:60,10
DA:63,9
DA:64,5
DA:67,4
LF:19
LH:19
BRDA:32,0,0,180
BRDA:36,1,0,8
BRDA:36,1,1,180
BRDA:47,2,0,8
BRDA:47,2,1,180
BRDA:51,3,0,144
BRDA:51,3,1,36
BRDA:55,4,0,17
BRDA:55,4,1,19
BRDA:59,5,0,10
BRDA:59,5,1,9
BRDA:60,6,0,5
BRDA:60,6,1,5
BRDA:63,7,0,5
BRDA:63,7,1,4
BRDA:63,8,0,9
BRDA:63,8,1,9
BRF:17
BRH:17
end_of_record
TN:
SF:src/attributes/types/String.ts
FN:11,(anonymous_0)
FN:22,(anonymous_1)
FN:40,(anonymous_2)
FNF:3
FNH:3
FNDA:195,(anonymous_0)
FNDA:369,(anonymous_1)
FNDA:369,(anonymous_2)
DA:2,61
DA:5,61
DA:7,61
DA:16,195
DA:28,369
DA:30,369
DA:31,234
DA:34,135
DA:41,369
DA:42,234
DA:45,135
DA:46,107
DA:49,28
DA:50,14
DA:53,14
LF:15
LH:15
BRDA:26,0,0,135
BRDA:30,1,0,234
BRDA:30,1,1,135
BRDA:41,2,0,234
BRDA:41,2,1,135
BRDA:45,3,0,107
BRDA:45,3,1,28
BRDA:49,4,0,14
BRDA:49,4,1,14
BRDA:49,5,0,28
BRDA:49,5,1,18
BRF:11
BRH:11
end_of_record
TN:
SF:src/attributes/types/Type.ts
FN:19,(anonymous_0)
FN:33,(anonymous_1)
FN:42,(anonymous_2)
FNF:3
FNH:3
FNDA:450,(anonymous_0)
FNDA:89,(anonymous_1)
FNDA:448,(anonymous_2)
DA:2,61
DA:5,61
DA:9,450
DA:24,450
DA:26,450
DA:27,450
DA:34,89
DA:36,89
DA:43,448
DA:45,448
LF:10
LH:10
BRDA:43,0,0,448
BRDA:43,0,1,427
BRDA:45,1,0,41
BRDA:45,1,1,407
BRF:4
BRH:4
end_of_record
TN:
SF:src/attributes/types/Uid.ts
FN:10,(anonymous_0)
FN:17,(anonymous_1)
FNF:2
FNH:2
FNDA:6,(anonymous_0)
FNDA:8,(anonymous_1)
DA:2,61
DA:3,61
DA:4,61
DA:6,61
DA:11,6
DA:18,8
DA:19,0
DA:22,8
DA:23,2
DA:26,6
LF:10
LH:9
BRDA:18,0,0,0
BRDA:18,0,1,8
BRDA:18,1,0,8
BRDA:18,1,1,8
BRDA:22,2,0,2
BRDA:22,2,1,6
BRF:6
BRH:5
end_of_record
TN:
SF:src/collection/Collection.ts
FN:41,(anonymous_0)
FN:57,(anonymous_1)
FN:80,(anonymous_2)
FN:85,(anonymous_3)
FN:99,(anonymous_4)
FN:103,(anonymous_5)
FN:151,(anonymous_6)
FN:154,(anonymous_7)
FN:154,(anonymous_8)
FN:181,(anonymous_9)
FN:188,(anonymous_10)
FN:197,(anonymous_11)
FN:216,(anonymous_12)
FN:223,(anonymous_13)
FN:230,(anonymous_14)
FN:235,(anonymous_15)
FN:244,(anonymous_16)
FN:247,(anonymous_17)
FN:256,(anonymous_18)
FN:262,(anonymous_19)
FN:306,(anonymous_20)
FN:318,(anonymous_21)
FN:318,(anonymous_22)
FN:325,(anonymous_23)
FN:333,(anonymous_24)
FN:346,(anonymous_25)
FN:355,(anonymous_26)
FN:363,(anonymous_27)
FN:389,(anonymous_28)
FN:407,(anonymous_29)
FN:416,(anonymous_30)
FN:425,(anonymous_31)
FN:432,(anonymous_32)
FN:444,(anonymous_33)
FN:451,(anonymous_34)
FN:453,(anonymous_35)
FN:462,(anonymous_36)
FN:477,(anonymous_37)
FN:479,(anonymous_38)
FN:488,(anonymous_39)
FN:496,(anonymous_40)
FN:497,(anonymous_41)
FN:517,(anonymous_42)
FN:518,(anonymous_43)
FN:524,(anonymous_44)
FN:525,(anonymous_45)
FN:531,(anonymous_46)
FN:534,(anonymous_47)
FN:542,(anonymous_48)
FN:548,(anonymous_49)
FN:558,(anonymous_50)
FN:564,(anonymous_51)
FN:595,(anonymous_52)
FN:598,(anonymous_53)
FN:606,(anonymous_54)
FN:621,(anonymous_55)
FN:700,(anonymous_56)
FN:760,(anonymous_57)
FN:773,(anonymous_58)
FN:773,(anonymous_59)
FN:779,(anonymous_60)
FN:826,(anonymous_61)
FN:839,(anonymous_62)
FN:850,(anonymous_63)
FN:861,(anonymous_64)
FN:879,(anonymous_65)
FN:886,(anonymous_66)
FN:895,(anonymous_67)
FN:901,(anonymous_68)
FN:922,(anonymous_69)
FN:938,(anonymous_70)
FN:957,(anonymous_71)
FN:981,(anonymous_72)
FN:992,(anonymous_73)
FN:1004,(anonymous_74)
FN:1028,(anonymous_75)
FN:1040,(anonymous_76)
FN:1044,(anonymous_77)
FN:1052,(anonymous_78)
FN:1067,(anonymous_79)
FN:1076,(anonymous_80)
FN:1086,(anonymous_81)
FN:1096,(anonymous_82)
FN:1101,(anonymous_83)
FN:1109,(anonymous_84)
FN:1116,(anonymous_85)
FN:1125,(anonymous_86)
FN:1137,(anonymous_87)
FN:1158,(anonymous_88)
FN:1165,(anonymous_89)
FN:1172,(anonymous_90)
FN:1180,(anonymous_91)
FN:1193,(anonymous_92)
FN:1200,(anonymous_93)
FN:1207,(anonymous_94)
FNF:95
FNH:91
FNDA:210,(anonymous_0)
FNDA:14,(anonymous_1)
FNDA:247,(anonymous_2)
FNDA:0,(anonymous_3)
FNDA:33,(anonymous_4)
FNDA:63,(anonymous_5)
FNDA:1057,(anonymous_6)
FNDA:427,(anonymous_7)
FNDA:427,(anonymous_8)
FNDA:1,(anonymous_9)
FNDA:2,(anonymous_10)
FNDA:1,(anonymous_11)
FNDA:33,(anonymous_12)
FNDA:39,(anonymous_13)
FNDA:1,(anonymous_14)
FNDA:2,(anonymous_15)
FNDA:1,(anonymous_16)
FNDA:3,(anonymous_17)
FNDA:5,(anonymous_18)
FNDA:4,(anonymous_19)
FNDA:17,(anonymous_20)
FNDA:3,(anonymous_21)
FNDA:3,(anonymous_22)
FNDA:19,(anonymous_23)
FNDA:5,(anonymous_24)
FNDA:3,(anonymous_25)
FNDA:4,(anonymous_26)
FNDA:20,(anonymous_27)
FNDA:5,(anonymous_28)
FNDA:3,(anonymous_29)
FNDA:28,(anonymous_30)
FNDA:20,(anonymous_31)
FNDA:2,(anonymous_32)
FNDA:1,(anonymous_33)
FNDA:1,(anonymous_34)
FNDA:3,(anonymous_35)
FNDA:2,(anonymous_36)
FNDA:2,(anonymous_37)
FNDA:13,(anonymous_38)
FNDA:5,(anonymous_39)
FNDA:19,(anonymous_40)
FNDA:31,(anonymous_41)
FNDA:15,(anonymous_42)
FNDA:7,(anonymous_43)
FNDA:1,(anonymous_44)
FNDA:5,(anonymous_45)
FNDA:4,(anonymous_46)
FNDA:20,(anonymous_47)
FNDA:5,(anonymous_48)
FNDA:4,(anonymous_49)
FNDA:1,(anonymous_50)
FNDA:6,(anonymous_51)
FNDA:7,(anonymous_52)
FNDA:28,(anonymous_53)
FNDA:6,(anonymous_54)
FNDA:4,(anonymous_55)
FNDA:4,(anonymous_56)
FNDA:41,(anonymous_57)
FNDA:16,(anonymous_58)
FNDA:16,(anonymous_59)
FNDA:9,(anonymous_60)
FNDA:8,(anonymous_61)
FNDA:0,(anonymous_62)
FNDA:5,(anonymous_63)
FNDA:5,(anonymous_64)
FNDA:1,(anonymous_65)
FNDA:2,(anonymous_66)
FNDA:6,(anonymous_67)
FNDA:34,(anonymous_68)
FNDA:3,(anonymous_69)
FNDA:2,(anonymous_70)
FNDA:7,(anonymous_71)
FNDA:0,(anonymous_72)
FNDA:4,(anonymous_73)
FNDA:0,(anonymous_74)
FNDA:24,(anonymous_75)
FNDA:12,(anonymous_76)
FNDA:4,(anonymous_77)
FNDA:80,(anonymous_78)
FNDA:7,(anonymous_79)
FNDA:36,(anonymous_80)
FNDA:558,(anonymous_81)
FNDA:29,(anonymous_82)
FNDA:33,(anonymous_83)
FNDA:36,(anonymous_84)
FNDA:588,(anonymous_85)
FNDA:558,(anonymous_86)
FNDA:31,(anonymous_87)
FNDA:22,(anonymous_88)
FNDA:7,(anonymous_89)
FNDA:7,(anonymous_90)
FNDA:72,(anonymous_91)
FNDA:247,(anonymous_92)
FNDA:210,(anonymous_93)
FNDA:210,(anonymous_94)
DA:2,61
DA:3,61
DA:20,61
DA:21,61
DA:27,61
DA:30,210
DA:39,210
DA:45,210
DA:47,210
DA:49,210
DA:50,210
DA:58,14
DA:84,247
DA:85,0
DA:88,247
DA:89,0
DA:92,247
DA:94,247
DA:96,246
DA:100,33
DA:102,33
DA:104,63
DA:106,63
DA:153,1057
DA:154,427
DA:158,807
DA:159,247
DA:163,560
DA:168,559
DA:169,1
DA:172,558
DA:173,558
DA:175,558
DA:182,1
DA:189,2
DA:198,1
DA:199,1
DA:201,1
DA:202,2
DA:203,2
DA:205,2
DA:206,2
DA:209,1
DA:217,33
DA:224,39
DA:233,1
DA:235,1
DA:236,2
DA:237,2
DA:247,1
DA:248,3
DA:257,5
DA:258,4
DA:261,1
DA:262,4
DA:265,1
DA:309,17
DA:310,7
DA:313,10
DA:314,1
DA:317,9
DA:318,3
DA:321,8
DA:325,6
DA:326,19
DA:334,5
DA:335,4
DA:338,1
DA:347,3
DA:349,3
DA:361,4
DA:363,4
DA:366,20
DA:367,10
DA:369,10
DA:372,20
DA:373,9
DA:376,20
DA:379,4
DA:390,5
DA:392,5
DA:393,7
DA:394,2
DA:398,3
DA:408,3
DA:417,28
DA:426,20
DA:433,2
DA:434,1
DA:437,1
DA:445,1
DA:452,1
DA:453,3
DA:456,1
DA:463,2
DA:464,1
DA:471,1
DA:478,2
DA:479,13
DA:482,2
DA:489,5
DA:490,5
DA:492,5
DA:493,1
DA:496,4
DA:497,19
DA:498,31
DA:501,19
DA:502,15
DA:507,4
DA:508,4
DA:510,4
DA:511,3
DA:516,4
DA:517,15
DA:518,7
DA:525,5
DA:532,4
DA:534,20
DA:536,4
DA:543,5
DA:544,4
DA:547,1
DA:548,4
DA:551,1
DA:559,1
DA:564,1
DA:565,6
DA:566,2
DA:568,4
DA:572,1
DA:598,28
DA:607,6
DA:608,5
DA:611,1
DA:622,4
DA:625,4
DA:626,2
DA:629,2
DA:705,4
DA:706,1
DA:709,4
DA:768,41
DA:769,2
DA:772,39
DA:773,16
DA:777,32
DA:778,7
DA:779,9
DA:781,7
DA:785,25
DA:789,22
DA:827,8
DA:831,5
DA:832,5
DA:840,0
DA:841,0
DA:851,5
DA:852,4
DA:855,1
DA:866,5
DA:867,20
DA:868,20
DA:869,20
DA:870,20
DA:873,5
DA:880,1
DA:887,2
DA:889,2
DA:901,6
DA:902,34
DA:906,34
DA:911,34
DA:916,6
DA:928,3
DA:930,3
DA:932,3
DA:939,2
DA:940,2
DA:942,2
DA:943,4
DA:948,2
DA:960,7
DA:962,7
DA:965,15
DA:966,3
DA:968,12
DA:971,15
DA:974,7
DA:982,0
DA:983,0
DA:993,4
DA:994,1
DA:997,3
DA:1005,0
DA:1033,24
DA:1035,24
DA:1036,24
DA:1038,24
DA:1039,3
DA:1040,12
DA:1042,21
DA:1043,1
DA:1044,4
DA:1047,20
DA:1048,3
DA:1049,3
DA:1052,20
DA:1053,80
DA:1061,24
DA:1068,7
DA:1077,36
DA:1078,36
DA:1087,558
DA:1088,558
DA:1097,29
DA:1098,4
DA:1101,33
DA:1110,36
DA:1117,588
DA:1126,558
DA:1138,31
DA:1139,2
DA:1142,29
DA:1144,29
DA:1146,29
DA:1148,29
DA:1159,22
DA:1166,7
DA:1169,7
DA:1172,7
DA:1173,7
DA:1184,72
DA:1194,247
DA:1201,210
DA:1209,210
LF:236
LH:229
BRDA:42,0,0,46
BRDA:43,1,0,64
BRDA:49,2,0,210
BRDA:49,2,1,0
BRDA:84,3,0,0
BRDA:84,3,1,247
BRDA:88,4,0,0
BRDA:88,4,1,247
BRDA:92,5,0,247
BRDA:92,5,1,6
BRDA:153,6,0,250
BRDA:153,6,1,807
BRDA:158,7,0,247
BRDA:158,7,1,560
BRDA:168,8,0,1
BRDA:168,8,1,558
BRDA:257,9,0,4
BRDA:257,9,1,1
BRDA:257,10,0,5
BRDA:257,10,1,3
BRDA:262,11,0,4
BRDA:262,11,1,4
BRDA:309,12,0,7
BRDA:309,12,1,10
BRDA:310,13,0,7
BRDA:310,13,1,1
BRDA:313,14,0,1
BRDA:313,14,1,9
BRDA:314,15,0,1
BRDA:314,15,1,1
BRDA:314,15,2,0
BRDA:317,16,0,1
BRDA:317,16,1,8
BRDA:321,17,0,8
BRDA:321,17,1,8
BRDA:334,18,0,4
BRDA:334,18,1,1
BRDA:366,19,0,10
BRDA:366,19,1,10
BRDA:367,20,0,10
BRDA:367,20,1,0
BRDA:367,21,0,10
BRDA:367,21,1,10
BRDA:369,22,0,9
BRDA:369,22,1,1
BRDA:369,23,0,10
BRDA:369,23,1,9
BRDA:372,24,0,9
BRDA:372,24,1,11
BRDA:393,25,0,2
BRDA:393,25,1,5
BRDA:433,26,0,1
BRDA:433,26,1,1
BRDA:463,27,0,1
BRDA:463,27,1,1
BRDA:492,28,0,1
BRDA:492,28,1,4
BRDA:501,29,0,15
BRDA:501,29,1,4
BRDA:510,30,0,3
BRDA:510,30,1,1
BRDA:543,31,0,4
BRDA:543,31,1,1
BRDA:543,32,0,5
BRDA:543,32,1,3
BRDA:548,33,0,4
BRDA:548,33,1,4
BRDA:565,34,0,2
BRDA:565,34,1,4
BRDA:607,35,0,5
BRDA:607,35,1,1
BRDA:608,36,0,5
BRDA:608,36,1,0
BRDA:625,37,0,2
BRDA:625,37,1,2
BRDA:705,38,0,1
BRDA:705,38,1,3
BRDA:706,39,0,1
BRDA:706,39,1,0
BRDA:768,40,0,2
BRDA:768,40,1,39
BRDA:772,41,0,7
BRDA:772,41,1,32
BRDA:777,42,0,7
BRDA:777,42,1,25
BRDA:781,43,0,7
BRDA:781,43,1,0
BRDA:827,44,0,8
BRDA:827,44,1,6
BRDA:851,45,0,4
BRDA:851,45,1,1
BRDA:852,46,0,4
BRDA:852,46,1,0
BRDA:912,47,0,34
BRDA:912,47,1,34
BRDA:965,48,0,3
BRDA:965,48,1,12
BRDA:971,49,0,0
BRDA:971,49,1,15
BRDA:993,50,0,1
BRDA:993,50,1,3
BRDA:1038,51,0,3
BRDA:1038,51,1,21
BRDA:1038,52,0,24
BRDA:1038,52,1,22
BRDA:1042,53,0,1
BRDA:1042,53,1,20
BRDA:1047,54,0,3
BRDA:1047,54,1,17
BRDA:1097,55,0,4
BRDA:1097,55,1,25
BRDA:1138,56,0,2
BRDA:1138,56,1,29
BRDA:1181,57,0,11
BRDA:1182,58,0,72
BRF:115
BRH:105
end_of_record
TN:
SF:src/collection/Sort.ts
FN:8,sortNullish
FN:29,sortGreaterOrLessThan
FNF:2
FNH:2
FNDA:34,sortNullish
FNDA:34,sortGreaterOrLessThan
DA:8,61
DA:12,34
DA:13,0
DA:15,34
DA:16,0
DA:19,34
DA:29,61
DA:33,34
DA:34,16
DA:37,18
DA:38,18
DA:41,0
LF:12
LH:9
BRDA:12,0,0,0
BRDA:12,0,1,34
BRDA:12,1,0,34
BRDA:12,1,1,34
BRDA:15,2,0,0
BRDA:15,2,1,34
BRDA:15,3,0,34
BRDA:15,3,1,34
BRDA:33,4,0,16
BRDA:33,4,1,18
BRDA:37,5,0,18
BRDA:37,5,1,0
BRF:12
BRH:9
end_of_record
TN:
SF:src/collection/Where.ts
FN:33,extractValue
FN:45,(anonymous_1)
FN:51,resolveLikeOperation
FN:97,compareValues
FN:144,whereHasValues
FN:150,(anonymous_5)
FNF:6
FNH:4
FNDA:21,extractValue
FNDA:9,(anonymous_1)
FNDA:24,resolveLikeOperation
FNDA:80,compareValues
FNDA:0,whereHasValues
FNDA:0,(anonymous_5)
DA:2,61
DA:38,21
DA:39,21
DA:41,21
DA:42,18
DA:45,9
DA:52,24
DA:54,3
DA:55,3
DA:59,3
DA:60,3
DA:64,3
DA:65,3
DA:69,3
DA:70,3
DA:74,3
DA:75,3
DA:79,3
DA:80,3
DA:84,3
DA:85,3
DA:89,3
DA:97,61
DA:102,80
DA:104,4
DA:108,16
DA:112,8
DA:115,4
DA:118,4
DA:121,4
DA:124,4
DA:127,4
DA:130,32
DA:131,8
DA:134,24
DA:136,24
DA:144,61
DA:150,0
DA:151,0
DA:152,0
LF:40
LH:37
BRDA:41,0,0,18
BRDA:41,0,1,3
BRDA:53,1,0,3
BRDA:53,1,1,3
BRDA:53,1,2,3
BRDA:53,1,3,3
BRDA:53,1,4,3
BRDA:53,1,5,3
BRDA:53,1,6,3
BRDA:53,1,7,3
BRDA:53,2,0,24
BRDA:53,2,1,6
BRDA:58,3,0,21
BRDA:58,3,1,3
BRDA:103,4,0,4
BRDA:103,4,1,4
BRDA:103,4,2,16
BRDA:103,4,3,4
BRDA:103,4,4,8
BRDA:103,4,5,4
BRDA:103,4,6,4
BRDA:103,4,7,4
BRDA:103,4,8,4
BRDA:103,4,9,4
BRDA:103,4,10,32
BRDA:130,5,0,8
BRDA:130,5,1,24
BRDA:130,6,0,32
BRDA:130,6,1,24
BRDA:148,7,0,0
BRDA:152,8,0,0
BRDA:152,8,1,0
BRF:32
BRH:29
end_of_record
TN:
SF:src/model/Model.ts
FN:167,(anonymous_0)
FN:189,(anonymous_1)
FN:196,(anonymous_2)
FN:203,(anonymous_3)
FN:207,(anonymous_4)
FN:214,(anonymous_5)
FN:221,(anonymous_6)
FN:228,(anonymous_7)
FN:244,(anonymous_8)
FN:252,(anonymous_9)
FN:259,(anonymous_10)
FN:266,(anonymous_11)
FN:275,(anonymous_12)
FN:284,(anonymous_13)
FN:299,(anonymous_14)
FN:314,(anonymous_15)
FN:321,(anonymous_16)
FN:332,(anonymous_17)
FN:339,(anonymous_18)
FN:362,(anonymous_19)
FN:377,(anonymous_20)
FN:378,(anonymous_21)
FN:381,(anonymous_22)
FN:396,(anonymous_23)
FN:403,(anonymous_24)
FN:412,(anonymous_25)
FN:422,(anonymous_26)
FN:432,(anonymous_27)
FN:442,(anonymous_28)
FN:452,(anonymous_29)
FN:459,(anonymous_30)
FN:466,(anonymous_31)
FN:473,(anonymous_32)
FN:493,(anonymous_33)
FN:504,(anonymous_34)
FN:517,(anonymous_35)
FN:522,(anonymous_36)
FN:528,(anonymous_37)
FN:541,(anonymous_38)
FN:548,(anonymous_39)
FN:560,(anonymous_40)
FN:586,(anonymous_41)
FN:607,(anonymous_42)
FN:622,(anonymous_43)
FN:629,(anonymous_44)
FN:639,(anonymous_45)
FN:649,(anonymous_46)
FN:657,(anonymous_47)
FN:697,(anonymous_48)
FN:745,(anonymous_49)
FN:752,(anonymous_50)
FN:762,(anonymous_51)
FN:771,(anonymous_52)
FN:780,(anonymous_53)
FN:790,(anonymous_54)
FN:797,(anonymous_55)
FN:804,(anonymous_56)
FN:808,(anonymous_57)
FN:818,(anonymous_58)
FN:828,(anonymous_59)
FN:839,(anonymous_60)
FN:848,(anonymous_61)
FN:869,(anonymous_62)
FN:884,(anonymous_63)
FN:892,(anonymous_64)
FN:899,(anonymous_65)
FN:908,(anonymous_66)
FN:930,(anonymous_67)
FN:936,(anonymous_68)
FN:941,(anonymous_69)
FN:954,(anonymous_70)
FN:958,(anonymous_71)
FN:970,(anonymous_72)
FN:974,(anonymous_73)
FN:979,(anonymous_74)
FNF:75
FNH:40
FNDA:481,(anonymous_0)
FNDA:48,(anonymous_1)
FNDA:0,(anonymous_2)
FNDA:0,(anonymous_3)
FNDA:28,(anonymous_4)
FNDA:481,(anonymous_5)
FNDA:1,(anonymous_6)
FNDA:0,(anonymous_7)
FNDA:215,(anonymous_8)
FNDA:0,(anonymous_9)
FNDA:407,(anonymous_10)
FNDA:599,(anonymous_11)
FNDA:0,(anonymous_12)
FNDA:49,(anonymous_13)
FNDA:49,(anonymous_14)
FNDA:0,(anonymous_15)
FNDA:0,(anonymous_16)
FNDA:2,(anonymous_17)
FNDA:0,(anonymous_18)
FNDA:0,(anonymous_19)
FNDA:0,(anonymous_20)
FNDA:0,(anonymous_21)
FNDA:0,(anonymous_22)
FNDA:0,(anonymous_23)
FNDA:0,(anonymous_24)
FNDA:195,(anonymous_25)
FNDA:195,(anonymous_26)
FNDA:49,(anonymous_27)
FNDA:5,(anonymous_28)
FNDA:6,(anonymous_29)
FNDA:6,(anonymous_30)
FNDA:6,(anonymous_31)
FNDA:186,(anonymous_32)
FNDA:1080,(anonymous_33)
FNDA:0,(anonymous_34)
FNDA:0,(anonymous_35)
FNDA:0,(anonymous_36)
FNDA:481,(anonymous_37)
FNDA:2495,(anonymous_38)
FNDA:18,(anonymous_39)
FNDA:577,(anonymous_40)
FNDA:47,(anonymous_41)
FNDA:481,(anonymous_42)
FNDA:0,(anonymous_43)
FNDA:0,(anonymous_44)
FNDA:962,(anonymous_45)
FNDA:599,(anonymous_46)
FNDA:481,(anonymous_47)
FNDA:118,(anonymous_48)
FNDA:2,(anonymous_49)
FNDA:116,(anonymous_50)
FNDA:0,(anonymous_51)
FNDA:0,(anonymous_52)
FNDA:0,(anonymous_53)
FNDA:0,(anonymous_54)
FNDA:0,(anonymous_55)
FNDA:0,(anonymous_56)
FNDA:0,(anonymous_57)
FNDA:0,(anonymous_58)
FNDA:0,(anonymous_59)
FNDA:0,(anonymous_60)
FNDA:0,(anonymous_61)
FNDA:0,(anonymous_62)
FNDA:0,(anonymous_63)
FNDA:0,(anonymous_64)
FNDA:481,(anonymous_65)
FNDA:481,(anonymous_66)
FNDA:1176,(anonymous_67)
FNDA:448,(anonymous_68)
FNDA:1176,(anonymous_69)
FNDA:0,(anonymous_70)
FNDA:0,(anonymous_71)
FNDA:12,(anonymous_72)
FNDA:19,(anonymous_73)
FNDA:12,(anonymous_74)
DA:1,61
DA:5,61
DA:6,61
DA:7,61
DA:8,61
DA:23,61
DA:67,61
DA:81,61
DA:87,61
DA:93,61
DA:100,61
DA:105,61
DA:110,61
DA:115,61
DA:120,481
DA:125,481
DA:130,481
DA:140,481
DA:145,481
DA:152,481
DA:157,481
DA:162,481
DA:172,481
DA:177,481
DA:178,2
DA:181,481
DA:183,481
DA:190,48
DA:197,0
DA:204,0
DA:208,28
DA:215,481
DA:222,1
DA:232,0
DA:233,0
DA:236,0
DA:238,0
DA:245,215
DA:246,215
DA:253,0
DA:260,407
DA:267,599
DA:269,599
DA:276,0
DA:289,49
DA:293,49
DA:300,49
DA:301,0
DA:304,49
DA:305,49
DA:308,0
DA:315,0
DA:325,0
DA:333,2
DA:340,0
DA:341,0
DA:343,0
DA:344,0
DA:346,0
DA:347,0
DA:349,0
DA:350,0
DA:355,0
DA:363,0
DA:365,0
DA:366,0
DA:369,0
DA:371,0
DA:378,0
DA:379,0
DA:381,0
DA:383,0
DA:384,0
DA:387,0
DA:389,0
DA:397,0
DA:399,0
DA:400,0
DA:403,0
DA:404,0
DA:405,0
DA:416,195
DA:426,195
DA:436,49
DA:446,5
DA:453,6
DA:460,6
DA:467,6
DA:474,186
DA:476,186
DA:481,186
DA:482,462
DA:484,462
DA:494,1080
DA:495,186
DA:497,186
DA:505,0
DA:506,0
DA:508,0
DA:510,0
DA:520,0
DA:522,0
DA:529,481
DA:542,2495
DA:549,18
DA:563,577
DA:564,3
DA:565,6
DA:568,3
DA:571,574
DA:575,570
DA:589,47
DA:590,1
DA:591,2
DA:594,1
DA:597,46
DA:601,42
DA:608,481
DA:614,481
DA:615,2405
DA:623,0
DA:633,0
DA:643,962
DA:650,599
DA:661,481
DA:663,481
DA:664,481
DA:667,481
DA:668,1188
DA:669,1188
DA:672,1188
DA:675,1176
DA:676,1176
DA:679,1176
DA:681,1176
DA:684,12
DA:685,12
DA:688,12
DA:698,118
DA:703,118
DA:704,118
DA:706,118
DA:707,396
DA:709,396
DA:712,387
DA:713,0
DA:716,387
DA:719,387
DA:720,387
DA:723,387
DA:726,9
DA:727,0
DA:730,9
DA:732,9
DA:739,118
DA:746,2
DA:756,116
DA:763,0
DA:764,0
DA:772,0
DA:773,0
DA:781,0
DA:791,0
DA:798,0
DA:805,0
DA:809,0
DA:819,0
DA:820,0
DA:822,0
DA:829,0
DA:830,0
DA:832,0
DA:840,0
DA:841,0
DA:849,0
DA:851,0
DA:852,0
DA:854,0
DA:858,0
DA:862,0
DA:863,0
DA:870,0
DA:871,0
DA:872,0
DA:885,0
DA:886,0
DA:893,0
DA:900,481
DA:901,481
DA:902,481
DA:910,481
DA:913,481
DA:916,481
DA:931,1176
DA:934,1176
DA:937,448
DA:943,1176
DA:944,444
DA:948,1176
DA:952,1176
DA:955,0
DA:959,0
DA:972,12
DA:975,19
DA:981,12
DA:984,12
LF:206
LH:125
BRDA:169,0,0,478
BRDA:170,1,0,481
BRDA:177,2,0,2
BRDA:177,2,1,479
BRDA:181,3,0,481
BRDA:181,3,1,0
BRDA:181,4,0,481
BRDA:181,4,1,481
BRDA:183,5,0,481
BRDA:183,5,1,481
BRDA:232,6,0,0
BRDA:232,6,1,0
BRDA:290,7,0,48
BRDA:290,7,1,1
BRDA:300,8,0,0
BRDA:300,8,1,49
BRDA:300,9,0,49
BRDA:300,9,1,0
BRDA:304,10,0,49
BRDA:304,10,1,0
BRDA:315,11,0,0
BRDA:315,11,1,0
BRDA:346,12,0,0
BRDA:346,12,1,0
BRDA:349,13,0,0
BRDA:349,13,1,0
BRDA:365,14,0,0
BRDA:365,14,1,0
BRDA:383,15,0,0
BRDA:383,15,1,0
BRDA:399,16,0,0
BRDA:399,16,1,0
BRDA:399,17,0,0
BRDA:399,17,1,0
BRDA:485,18,0,0
BRDA:485,18,1,462
BRDA:494,19,0,186
BRDA:494,19,1,894
BRDA:508,20,0,0
BRDA:508,20,1,0
BRDA:522,21,0,0
BRDA:522,21,1,0
BRDA:563,22,0,3
BRDA:563,22,1,574
BRDA:571,23,0,574
BRDA:571,23,1,572
BRDA:589,24,0,1
BRDA:589,24,1,46
BRDA:597,25,0,46
BRDA:597,25,1,44
BRDA:643,26,0,962
BRDA:643,26,1,0
BRDA:643,27,0,962
BRDA:643,27,1,962
BRDA:658,28,0,53
BRDA:659,29,0,481
BRDA:662,30,0,0
BRDA:662,30,1,481
BRDA:665,31,0,481
BRDA:665,31,1,0
BRDA:664,32,0,481
BRDA:664,32,1,481
BRDA:665,33,0,481
BRDA:665,33,1,0
BRDA:664,34,0,481
BRDA:664,34,1,481
BRDA:673,35,0,0
BRDA:673,35,1,1176
BRDA:673,35,2,12
BRDA:675,36,0,1176
BRDA:675,36,1,0
BRDA:679,37,0,444
BRDA:679,37,1,732
BRDA:683,38,0,12
BRDA:683,38,1,12
BRDA:684,39,0,12
BRDA:684,39,1,0
BRDA:688,40,0,3
BRDA:688,40,1,9
BRDA:697,41,0,0
BRDA:710,42,0,0
BRDA:710,42,1,387
BRDA:710,42,2,9
BRDA:712,43,0,0
BRDA:712,43,1,387
BRDA:712,44,0,387
BRDA:712,44,1,0
BRDA:719,45,0,387
BRDA:719,45,1,0
BRDA:726,46,0,0
BRDA:726,46,1,9
BRDA:726,47,0,9
BRDA:726,47,1,0
BRDA:733,48,0,9
BRDA:733,48,1,0
BRDA:754,49,0,116
BRDA:756,50,0,0
BRDA:756,50,1,116
BRDA:756,51,0,116
BRDA:756,51,1,116
BRDA:782,52,0,0
BRDA:782,52,1,0
BRDA:799,53,0,0
BRDA:799,53,1,0
BRDA:854,54,0,0
BRDA:854,54,1,0
BRDA:855,55,0,0
BRDA:855,55,1,0
BRDA:910,56,0,0
BRDA:910,56,1,481
BRDA:910,57,0,481
BRDA:910,57,1,481
BRDA:943,58,0,444
BRDA:943,58,1,732
BRF:114
BRH:64
end_of_record
TN:
SF:src/model/Serialize.ts
FN:33,value
FN:52,array
FN:53,(anonymous_2)
FN:59,object
FN:72,relation
FN:80,resolve
FN:91,(anonymous_6)
FN:100,emptyRelation
FNF:8
FNH:6
FNDA:389,value
FNDA:1,array
FNDA:2,(anonymous_2)
FNDA:0,object
FNDA:9,relation
FNDA:6,resolve
FNDA:4,(anonymous_6)
FNDA:0,emptyRelation
DA:2,61
DA:24,61
DA:33,61
DA:34,389
DA:35,34
DA:38,355
DA:39,1
DA:42,354
DA:43,0
DA:46,354
DA:52,61
DA:53,2
DA:59,61
DA:60,0
DA:62,0
DA:63,0
DA:66,0
DA:72,61
DA:76,9
DA:77,3
DA:81,6
DA:82,0
DA:87,6
DA:90,6
DA:91,4
DA:94,2
DA:100,61
DA:101,0
LF:28
LH:21
BRDA:34,0,0,34
BRDA:34,0,1,355
BRDA:38,1,0,1
BRDA:38,1,1,354
BRDA:42,2,0,0
BRDA:42,2,1,354
BRDA:74,3,0,0
BRDA:76,4,0,3
BRDA:76,4,1,6
BRDA:81,5,0,0
BRDA:81,5,1,6
BRDA:90,6,0,4
BRDA:90,6,1,2
BRDA:101,7,0,0
BRDA:101,7,1,0
BRF:15
BRH:10
end_of_record
TN:
SF:src/plugins/use.ts
FN:19,use
FNF:1
FNH:0
FNDA:0,use
DA:1,61
DA:2,61
DA:3,61
DA:19,61
DA:20,0
DA:26,0
LF:6
LH:4
BRDA:19,0,0,0
BRF:1
BRH:0
end_of_record
TN:
SF:src/relations/Relation.ts
FN:24,(anonymous_0)
FNF:1
FNH:1
FNDA:12,(anonymous_0)
DA:5,61
DA:31,12
DA:32,12
DA:33,12
DA:34,12
DA:35,12
LF:6
LH:6
BRF:0
BRH:0
end_of_record
TN:
SF:src/relations/index.ts
FN:3,(anonymous_0)
FNF:1
FNH:1
FNDA:12,(anonymous_0)
DA:3,73
LF:1
LH:1
BRF:0
BRH:0
end_of_record
TN:
SF:src/support/AttrMap.ts
FN:4,(anonymous_0)
FN:8,(anonymous_1)
FN:13,(anonymous_2)
FN:17,(anonymous_3)
FN:24,(anonymous_4)
FN:40,(anonymous_5)
FN:47,(anonymous_6)
FN:63,(anonymous_7)
FN:70,(anonymous_8)
FN:77,(anonymous_9)
FN:84,(anonymous_10)
FN:101,(anonymous_11)
FN:108,(anonymous_12)
FN:131,(anonymous_13)
FNF:14
FNH:3
FNDA:962,(anonymous_0)
FNDA:1188,(anonymous_1)
FNDA:0,(anonymous_2)
FNDA:0,(anonymous_3)
FNDA:0,(anonymous_4)
FNDA:0,(anonymous_5)
FNDA:0,(anonymous_6)
FNDA:0,(anonymous_7)
FNDA:0,(anonymous_8)
FNDA:0,(anonymous_9)
FNDA:0,(anonymous_10)
FNDA:0,(anonymous_11)
FNDA:0,(anonymous_12)
FNDA:1188,(anonymous_13)
DA:1,61
DA:2,61
DA:4,61
DA:5,962
DA:6,962
DA:9,1188
DA:10,1188
DA:14,0
DA:18,0
DA:25,0
DA:26,0
DA:27,0
DA:30,0
DA:32,0
DA:33,0
DA:41,0
DA:48,0
DA:49,0
DA:50,0
DA:53,0
DA:55,0
DA:56,0
DA:64,0
DA:71,0
DA:78,0
DA:85,0
DA:87,0
DA:88,0
DA:89,0
DA:93,0
DA:102,0
DA:115,0
DA:116,0
DA:122,0
DA:123,0
DA:124,0
DA:128,0
DA:132,1188
DA:133,1188
LF:39
LH:9
BRDA:25,0,0,0
BRDA:25,0,1,0
BRDA:48,1,0,0
BRDA:48,1,1,0
BRDA:64,2,0,0
BRDA:64,2,1,0
BRDA:78,3,0,0
BRDA:78,3,1,0
BRDA:88,4,0,0
BRDA:88,4,1,0
BRDA:110,5,0,0
BRDA:115,6,0,0
BRDA:115,6,1,0
BRDA:123,7,0,0
BRDA:123,7,1,0
BRDA:132,8,0,1188
BRDA:132,8,1,0
BRF:17
BRH:1
end_of_record
TN:
SF:src/support/Map.ts
FN:1,(anonymous_0)
FN:4,(anonymous_1)
FN:8,(anonymous_2)
FN:12,(anonymous_3)
FN:16,(anonymous_4)
FNF:5
FNH:5
FNDA:1924,(anonymous_0)
FNDA:2320,(anonymous_1)
FNDA:4163,(anonymous_2)
FNDA:42,(anonymous_3)
FNDA:28,(anonymous_4)
DA:1,61
DA:2,1924
DA:5,2320
DA:9,4163
DA:13,42
DA:17,28
LF:6
LH:6
BRF:0
BRH:0
end_of_record
TN:
SF:src/support/Uid.ts
FN:21,(anonymous_0)
FN:30,(anonymous_1)
FNF:2
FNH:2
FNDA:697,(anonymous_0)
FNDA:3,(anonymous_1)
DA:3,61
DA:7,61
DA:16,61
DA:22,697
DA:24,697
DA:31,3
LF:6
LH:6
BRDA:21,0,0,6
BRDA:30,1,0,3
BRF:2
BRH:2
end_of_record
